GROUP,PACKAGE,CLASS,INSTRUCTION_MISSED,INSTRUCTION_COVERED,BRANCH_MISSED,BRANCH_COVERED,LINE_MISSED,LINE_COVERED,COMPLEXITY_MISSED,COMPLEXITY_COVERED,METHOD_MISSED,METHOD_COVERED
moviebooking-backend,com.moviebookingapp.service,UserService,0,141,0,14,0,25,0,14,0,7
moviebooking-backend,com.moviebookingapp.service,MovieService,0,147,0,10,0,29,0,16,0,11
moviebooking-backend,com.moviebookingapp.service,TicketService,0,125,0,14,0,21,0,11,0,4
moviebooking-backend,com.moviebookingapp.controller,AdminController,0,56,0,2,0,10,0,5,0,4
moviebooking-backend,com.moviebookingapp.controller,MovieController,0,32,0,0,0,8,0,5,0,5
moviebooking-backend,com.moviebookingapp.controller,AuthController,0,69,0,2,0,17,0,5,0,4
moviebooking-backend,com.moviebookingapp.controller,TicketController,0,41,0,0,0,14,0,3,0,3
moviebooking-backend,com.moviebookingapp,MovieBookingApplication,5,3,0,0,2,1,1,1,1,1
