<?xml version="1.0" encoding="UTF-8"?>
<testsuite xmlns:xsi="http://www.w3.org/2001/XMLSchema-instance" xsi:noNamespaceSchemaLocation="https://maven.apache.org/surefire/maven-surefire-plugin/xsd/surefire-test-report-3.0.xsd" version="3.0" name="com.moviebookingapp.SmokeTest" time="77.037" tests="1" errors="0" skipped="0" failures="0">
  <properties>
[...]
</properties>
  <testcase name="contextLoads" classname="com.moviebookingapp.SmokeTest" time="2.413">
    <system-out><![CDATA[15:04:41.873 [main] INFO org.springframework.test.context.support.AnnotationConfigContextLoaderUtils -- Could not detect default configuration classes for test class [com.moviebookingapp.SmokeTest]: SmokeTest does not declare any static, non-private, non-final, nested classes annotated with @Configuration.
15:04:42.744 [main] INFO org.springframework.boot.test.context.SpringBootTestContextBootstrapper -- Found @SpringBootConfiguration com.moviebookingapp.MovieBookingApplication for test class com.moviebookingapp.SmokeTest

  .   ____          _            __ _ _
 /\\ / ___'_ __ _ _(_)_ __  __ _ \ \ \ \
( ( )\___ | '_ | '_| | '_ \/ _` | \ \ \ \
 \\/  ___)| |_)| | | | | || (_| |  ) ) ) )
  '  |____| .__|_| |_|_| |_\__, | / / / /
 =========|_|==============|___/=/_/_/_/

 :: Spring Boot ::                (v3.3.2)

{"@timestamp":"2025-08-09T15:04:48.8206646+05:30","@version":"1","message":"Starting SmokeTest using Java 21.0.2 with PID 21256 (started by 2263222 in C:\\Cognizant Jr.Eng\\moviebooking-backend)","logger_name":"com.moviebookingapp.SmokeTest","thread_name":"main","level":"INFO","level_value":20000}
{"@timestamp":"2025-08-09T15:04:49.0269945+05:30","@version":"1","message":"ProducerConfig values: \r\n\tacks = -1\r\n\tauto.include.jmx.reporter = true\r\n\tbatch.size = 16384\r\n\tbootstrap.servers = [spring.kafka.bootstrap-servers_IS_UNDEFINED]\r\n\tbuffer.memory = 33554432\r\n\tclient.dns.lookup = use_all_dns_ips\r\n\tclient.id = producer-1\r\n\tcompression.type = none\r\n\tconnections.max.idle.ms = 540000\r\n\tdelivery.timeout.ms = 120000\r\n\tenable.idempotence = true\r\n\tenable.metrics.push = true\r\n\tinterceptor.classes = []\r\n\tkey.serializer = class org.apache.kafka.common.serialization.ByteArraySerializer\r\n\tlinger.ms = 0\r\n\tmax.block.ms = 60000\r\n\tmax.in.flight.requests.per.connection = 5\r\n\tmax.request.size = 1048576\r\n\tmetadata.max.age.ms = 300000\r\n\tmetadata.max.idle.ms = 300000\r\n\tmetric.reporters = []\r\n\tmetrics.num.samples = 2\r\n\tmetrics.recording.level = INFO\r\n\tmetrics.sample.window.ms = 30000\r\n\tpartitioner.adaptive.partitioning.enable = true\r\n\tpartitioner.availability.timeout.ms = 0\r\n\tpartitioner.class = null\r\n\tpartitioner.ignore.keys = false\r\n\treceive.buffer.bytes = 32768\r\n\treconnect.backoff.max.ms = 1000\r\n\treconnect.backoff.ms = 50\r\n\trequest.timeout.ms = 30000\r\n\tretries = 2147483647\r\n\tretry.backoff.max.ms = 1000\r\n\tretry.backoff.ms = 100\r\n\tsasl.client.callback.handler.class = null\r\n\tsasl.jaas.config = null\r\n\tsasl.kerberos.kinit.cmd = /usr/bin/kinit\r\n\tsasl.kerberos.min.time.before.relogin = 60000\r\n\tsasl.kerberos.service.name = null\r\n\tsasl.kerberos.ticket.renew.jitter = 0.05\r\n\tsasl.kerberos.ticket.renew.window.factor = 0.8\r\n\tsasl.login.callback.handler.class = null\r\n\tsasl.login.class = null\r\n\tsasl.login.connect.timeout.ms = null\r\n\tsasl.login.read.timeout.ms = null\r\n\tsasl.login.refresh.buffer.seconds = 300\r\n\tsasl.login.refresh.min.period.seconds = 60\r\n\tsasl.login.refresh.window.factor = 0.8\r\n\tsasl.login.refresh.window.jitter = 0.05\r\n\tsasl.login.retry.backoff.max.ms = 10000\r\n\tsasl.login.retry.backoff.ms = 100\r\n\tsasl.mechanism = GSSAPI\r\n\tsasl.oauthbearer.clock.skew.seconds = 30\r\n\tsasl.oauthbearer.expected.audience = null\r\n\tsasl.oauthbearer.expected.issuer = null\r\n\tsasl.oauthbearer.jwks.endpoint.refresh.ms = 3600000\r\n\tsasl.oauthbearer.jwks.endpoint.retry.backoff.max.ms = 10000\r\n\tsasl.oauthbearer.jwks.endpoint.retry.backoff.ms = 100\r\n\tsasl.oauthbearer.jwks.endpoint.url = null\r\n\tsasl.oauthbearer.scope.claim.name = scope\r\n\tsasl.oauthbearer.sub.claim.name = sub\r\n\tsasl.oauthbearer.token.endpoint.url = null\r\n\tsecurity.protocol = PLAINTEXT\r\n\tsecurity.providers = null\r\n\tsend.buffer.bytes = 131072\r\n\tsocket.connection.setup.timeout.max.ms = 30000\r\n\tsocket.connection.setup.timeout.ms = 10000\r\n\tssl.cipher.suites = null\r\n\tssl.enabled.protocols = [TLSv1.2, TLSv1.3]\r\n\tssl.endpoint.identification.algorithm = https\r\n\tssl.engine.factory.class = null\r\n\tssl.key.password = null\r\n\tssl.keymanager.algorithm = SunX509\r\n\tssl.keystore.certificate.chain = null\r\n\tssl.keystore.key = null\r\n\tssl.keystore.location = null\r\n\tssl.keystore.password = null\r\n\tssl.keystore.type = JKS\r\n\tssl.protocol = TLSv1.3\r\n\tssl.provider = null\r\n\tssl.secure.random.implementation = null\r\n\tssl.trustmanager.algorithm = PKIX\r\n\tssl.truststore.certificates = null\r\n\tssl.truststore.location = null\r\n\tssl.truststore.password = null\r\n\tssl.truststore.type = JKS\r\n\ttransaction.timeout.ms = 60000\r\n\ttransactional.id = null\r\n\tvalue.serializer = class org.apache.kafka.common.serialization.ByteArraySerializer\r\n","logger_name":"org.apache.kafka.clients.producer.ProducerConfig","thread_name":"main","level":"INFO","level_value":20000}
{"@timestamp":"2025-08-09T15:04:49.3756904+05:30","@version":"1","message":"initializing Kafka metrics collector","logger_name":"org.apache.kafka.common.telemetry.internals.KafkaMetricsCollector","thread_name":"main","level":"INFO","level_value":20000}
{"@timestamp":"2025-08-09T15:04:49.8312685+05:30","@version":"1","message":"[Producer clientId=producer-1] Instantiated an idempotent producer.","logger_name":"org.apache.kafka.clients.producer.KafkaProducer","thread_name":"main","level":"INFO","level_value":20000}
{"@timestamp":"2025-08-09T15:04:49.8619471+05:30","@version":"1","message":"[Producer clientId=producer-1] Closing the Kafka producer with timeoutMillis = 0 ms.","logger_name":"org.apache.kafka.clients.producer.KafkaProducer","thread_name":"main","level":"INFO","level_value":20000}
{"@timestamp":"2025-08-09T15:04:49.8667075+05:30","@version":"1","message":"Metrics scheduler closed","logger_name":"org.apache.kafka.common.metrics.Metrics","thread_name":"main","level":"INFO","level_value":20000}
{"@timestamp":"2025-08-09T15:04:49.8672295+05:30","@version":"1","message":"Closing reporter org.apache.kafka.common.metrics.JmxReporter","logger_name":"org.apache.kafka.common.metrics.Metrics","thread_name":"main","level":"INFO","level_value":20000}
{"@timestamp":"2025-08-09T15:04:49.8692635+05:30","@version":"1","message":"Closing reporter org.apache.kafka.common.telemetry.internals.ClientTelemetryReporter","logger_name":"org.apache.kafka.common.metrics.Metrics","thread_name":"main","level":"INFO","level_value":20000}
{"@timestamp":"2025-08-09T15:04:49.8702588+05:30","@version":"1","message":"Metrics reporters closed","logger_name":"org.apache.kafka.common.metrics.Metrics","thread_name":"main","level":"INFO","level_value":20000}
{"@timestamp":"2025-08-09T15:04:49.8757558+05:30","@version":"1","message":"App info kafka.producer for producer-1 unregistered","logger_name":"org.apache.kafka.common.utils.AppInfoParser","thread_name":"main","level":"INFO","level_value":20000}
{"@timestamp":"2025-08-09T15:04:49.8788528+05:30","@version":"1","message":"Running with Spring Boot v3.3.2, Spring v6.1.11","logger_name":"com.moviebookingapp.SmokeTest","thread_name":"main","level":"DEBUG","level_value":10000}
{"@timestamp":"2025-08-09T15:04:49.8798549+05:30","@version":"1","message":"ProducerConfig values: \r\n\tacks = -1\r\n\tauto.include.jmx.reporter = true\r\n\tbatch.size = 16384\r\n\tbootstrap.servers = [spring.kafka.bootstrap-servers_IS_UNDEFINED]\r\n\tbuffer.memory = 33554432\r\n\tclient.dns.lookup = use_all_dns_ips\r\n\tclient.id = producer-2\r\n\tcompression.type = none\r\n\tconnections.max.idle.ms = 540000\r\n\tdelivery.timeout.ms = 120000\r\n\tenable.idempotence = true\r\n\tenable.metrics.push = true\r\n\tinterceptor.classes = []\r\n\tkey.serializer = class org.apache.kafka.common.serialization.ByteArraySerializer\r\n\tlinger.ms = 0\r\n\tmax.block.ms = 60000\r\n\tmax.in.flight.requests.per.connection = 5\r\n\tmax.request.size = 1048576\r\n\tmetadata.max.age.ms = 300000\r\n\tmetadata.max.idle.ms = 300000\r\n\tmetric.reporters = []\r\n\tmetrics.num.samples = 2\r\n\tmetrics.recording.level = INFO\r\n\tmetrics.sample.window.ms = 30000\r\n\tpartitioner.adaptive.partitioning.enable = true\r\n\tpartitioner.availability.timeout.ms = 0\r\n\tpartitioner.class = null\r\n\tpartitioner.ignore.keys = false\r\n\treceive.buffer.bytes = 32768\r\n\treconnect.backoff.max.ms = 1000\r\n\treconnect.backoff.ms = 50\r\n\trequest.timeout.ms = 30000\r\n\tretries = 2147483647\r\n\tretry.backoff.max.ms = 1000\r\n\tretry.backoff.ms = 100\r\n\tsasl.client.callback.handler.class = null\r\n\tsasl.jaas.config = null\r\n\tsasl.kerberos.kinit.cmd = /usr/bin/kinit\r\n\tsasl.kerberos.min.time.before.relogin = 60000\r\n\tsasl.kerberos.service.name = null\r\n\tsasl.kerberos.ticket.renew.jitter = 0.05\r\n\tsasl.kerberos.ticket.renew.window.factor = 0.8\r\n\tsasl.login.callback.handler.class = null\r\n\tsasl.login.class = null\r\n\tsasl.login.connect.timeout.ms = null\r\n\tsasl.login.read.timeout.ms = null\r\n\tsasl.login.refresh.buffer.seconds = 300\r\n\tsasl.login.refresh.min.period.seconds = 60\r\n\tsasl.login.refresh.window.factor = 0.8\r\n\tsasl.login.refresh.window.jitter = 0.05\r\n\tsasl.login.retry.backoff.max.ms = 10000\r\n\tsasl.login.retry.backoff.ms = 100\r\n\tsasl.mechanism = GSSAPI\r\n\tsasl.oauthbearer.clock.skew.seconds = 30\r\n\tsasl.oauthbearer.expected.audience = null\r\n\tsasl.oauthbearer.expected.issuer = null\r\n\tsasl.oauthbearer.jwks.endpoint.refresh.ms = 3600000\r\n\tsasl.oauthbearer.jwks.endpoint.retry.backoff.max.ms = 10000\r\n\tsasl.oauthbearer.jwks.endpoint.retry.backoff.ms = 100\r\n\tsasl.oauthbearer.jwks.endpoint.url = null\r\n\tsasl.oauthbearer.scope.claim.name = scope\r\n\tsasl.oauthbearer.sub.claim.name = sub\r\n\tsasl.oauthbearer.token.endpoint.url = null\r\n\tsecurity.protocol = PLAINTEXT\r\n\tsecurity.providers = null\r\n\tsend.buffer.bytes = 131072\r\n\tsocket.connection.setup.timeout.max.ms = 30000\r\n\tsocket.connection.setup.timeout.ms = 10000\r\n\tssl.cipher.suites = null\r\n\tssl.enabled.protocols = [TLSv1.2, TLSv1.3]\r\n\tssl.endpoint.identification.algorithm = https\r\n\tssl.engine.factory.class = null\r\n\tssl.key.password = null\r\n\tssl.keymanager.algorithm = SunX509\r\n\tssl.keystore.certificate.chain = null\r\n\tssl.keystore.key = null\r\n\tssl.keystore.location = null\r\n\tssl.keystore.password = null\r\n\tssl.keystore.type = JKS\r\n\tssl.protocol = TLSv1.3\r\n\tssl.provider = null\r\n\tssl.secure.random.implementation = null\r\n\tssl.trustmanager.algorithm = PKIX\r\n\tssl.truststore.certificates = null\r\n\tssl.truststore.location = null\r\n\tssl.truststore.password = null\r\n\tssl.truststore.type = JKS\r\n\ttransaction.timeout.ms = 60000\r\n\ttransactional.id = null\r\n\tvalue.serializer = class org.apache.kafka.common.serialization.ByteArraySerializer\r\n","logger_name":"org.apache.kafka.clients.producer.ProducerConfig","thread_name":"main","level":"INFO","level_value":20000}
{"@timestamp":"2025-08-09T15:04:49.8838547+05:30","@version":"1","message":"initializing Kafka metrics collector","logger_name":"org.apache.kafka.common.telemetry.internals.KafkaMetricsCollector","thread_name":"main","level":"INFO","level_value":20000}
{"@timestamp":"2025-08-09T15:04:49.8863892+05:30","@version":"1","message":"[Producer clientId=producer-2] Instantiated an idempotent producer.","logger_name":"org.apache.kafka.clients.producer.KafkaProducer","thread_name":"main","level":"INFO","level_value":20000}
{"@timestamp":"2025-08-09T15:04:49.89048+05:30","@version":"1","message":"[Producer clientId=producer-2] Closing the Kafka producer with timeoutMillis = 0 ms.","logger_name":"org.apache.kafka.clients.producer.KafkaProducer","thread_name":"main","level":"INFO","level_value":20000}
{"@timestamp":"2025-08-09T15:04:49.892503+05:30","@version":"1","message":"Metrics scheduler closed","logger_name":"org.apache.kafka.common.metrics.Metrics","thread_name":"main","level":"INFO","level_value":20000}
{"@timestamp":"2025-08-09T15:04:49.892503+05:30","@version":"1","message":"Closing reporter org.apache.kafka.common.metrics.JmxReporter","logger_name":"org.apache.kafka.common.metrics.Metrics","thread_name":"main","level":"INFO","level_value":20000}
{"@timestamp":"2025-08-09T15:04:49.892503+05:30","@version":"1","message":"Closing reporter org.apache.kafka.common.telemetry.internals.ClientTelemetryReporter","logger_name":"org.apache.kafka.common.metrics.Metrics","thread_name":"main","level":"INFO","level_value":20000}
{"@timestamp":"2025-08-09T15:04:49.892503+05:30","@version":"1","message":"Metrics reporters closed","logger_name":"org.apache.kafka.common.metrics.Metrics","thread_name":"main","level":"INFO","level_value":20000}
{"@timestamp":"2025-08-09T15:04:49.8940996+05:30","@version":"1","message":"App info kafka.producer for producer-2 unregistered","logger_name":"org.apache.kafka.common.utils.AppInfoParser","thread_name":"main","level":"INFO","level_value":20000}
{"@timestamp":"2025-08-09T15:04:49.8950455+05:30","@version":"1","message":"No active profile set, falling back to 1 default profile: \"default\"","logger_name":"com.moviebookingapp.SmokeTest","thread_name":"main","level":"INFO","level_value":20000}
{"@timestamp":"2025-08-09T15:04:49.8970422+05:30","@version":"1","message":"ProducerConfig values: \r\n\tacks = -1\r\n\tauto.include.jmx.reporter = true\r\n\tbatch.size = 16384\r\n\tbootstrap.servers = [spring.kafka.bootstrap-servers_IS_UNDEFINED]\r\n\tbuffer.memory = 33554432\r\n\tclient.dns.lookup = use_all_dns_ips\r\n\tclient.id = producer-3\r\n\tcompression.type = none\r\n\tconnections.max.idle.ms = 540000\r\n\tdelivery.timeout.ms = 120000\r\n\tenable.idempotence = true\r\n\tenable.metrics.push = true\r\n\tinterceptor.classes = []\r\n\tkey.serializer = class org.apache.kafka.common.serialization.ByteArraySerializer\r\n\tlinger.ms = 0\r\n\tmax.block.ms = 60000\r\n\tmax.in.flight.requests.per.connection = 5\r\n\tmax.request.size = 1048576\r\n\tmetadata.max.age.ms = 300000\r\n\tmetadata.max.idle.ms = 300000\r\n\tmetric.reporters = []\r\n\tmetrics.num.samples = 2\r\n\tmetrics.recording.level = INFO\r\n\tmetrics.sample.window.ms = 30000\r\n\tpartitioner.adaptive.partitioning.enable = true\r\n\tpartitioner.availability.timeout.ms = 0\r\n\tpartitioner.class = null\r\n\tpartitioner.ignore.keys = false\r\n\treceive.buffer.bytes = 32768\r\n\treconnect.backoff.max.ms = 1000\r\n\treconnect.backoff.ms = 50\r\n\trequest.timeout.ms = 30000\r\n\tretries = 2147483647\r\n\tretry.backoff.max.ms = 1000\r\n\tretry.backoff.ms = 100\r\n\tsasl.client.callback.handler.class = null\r\n\tsasl.jaas.config = null\r\n\tsasl.kerberos.kinit.cmd = /usr/bin/kinit\r\n\tsasl.kerberos.min.time.before.relogin = 60000\r\n\tsasl.kerberos.service.name = null\r\n\tsasl.kerberos.ticket.renew.jitter = 0.05\r\n\tsasl.kerberos.ticket.renew.window.factor = 0.8\r\n\tsasl.login.callback.handler.class = null\r\n\tsasl.login.class = null\r\n\tsasl.login.connect.timeout.ms = null\r\n\tsasl.login.read.timeout.ms = null\r\n\tsasl.login.refresh.buffer.seconds = 300\r\n\tsasl.login.refresh.min.period.seconds = 60\r\n\tsasl.login.refresh.window.factor = 0.8\r\n\tsasl.login.refresh.window.jitter = 0.05\r\n\tsasl.login.retry.backoff.max.ms = 10000\r\n\tsasl.login.retry.backoff.ms = 100\r\n\tsasl.mechanism = GSSAPI\r\n\tsasl.oauthbearer.clock.skew.seconds = 30\r\n\tsasl.oauthbearer.expected.audience = null\r\n\tsasl.oauthbearer.expected.issuer = null\r\n\tsasl.oauthbearer.jwks.endpoint.refresh.ms = 3600000\r\n\tsasl.oauthbearer.jwks.endpoint.retry.backoff.max.ms = 10000\r\n\tsasl.oauthbearer.jwks.endpoint.retry.backoff.ms = 100\r\n\tsasl.oauthbearer.jwks.endpoint.url = null\r\n\tsasl.oauthbearer.scope.claim.name = scope\r\n\tsasl.oauthbearer.sub.claim.name = sub\r\n\tsasl.oauthbearer.token.endpoint.url = null\r\n\tsecurity.protocol = PLAINTEXT\r\n\tsecurity.providers = null\r\n\tsend.buffer.bytes = 131072\r\n\tsocket.connection.setup.timeout.max.ms = 30000\r\n\tsocket.connection.setup.timeout.ms = 10000\r\n\tssl.cipher.suites = null\r\n\tssl.enabled.protocols = [TLSv1.2, TLSv1.3]\r\n\tssl.endpoint.identification.algorithm = https\r\n\tssl.engine.factory.class = null\r\n\tssl.key.password = null\r\n\tssl.keymanager.algorithm = SunX509\r\n\tssl.keystore.certificate.chain = null\r\n\tssl.keystore.key = null\r\n\tssl.keystore.location = null\r\n\tssl.keystore.password = null\r\n\tssl.keystore.type = JKS\r\n\tssl.protocol = TLSv1.3\r\n\tssl.provider = null\r\n\tssl.secure.random.implementation = null\r\n\tssl.trustmanager.algorithm = PKIX\r\n\tssl.truststore.certificates = null\r\n\tssl.truststore.location = null\r\n\tssl.truststore.password = null\r\n\tssl.truststore.type = JKS\r\n\ttransaction.timeout.ms = 60000\r\n\ttransactional.id = null\r\n\tvalue.serializer = class org.apache.kafka.common.serialization.ByteArraySerializer\r\n","logger_name":"org.apache.kafka.clients.producer.ProducerConfig","thread_name":"main","level":"INFO","level_value":20000}
{"@timestamp":"2025-08-09T15:04:49.8980376+05:30","@version":"1","message":"initializing Kafka metrics collector","logger_name":"org.apache.kafka.common.telemetry.internals.KafkaMetricsCollector","thread_name":"main","level":"INFO","level_value":20000}
{"@timestamp":"2025-08-09T15:04:49.9010425+05:30","@version":"1","message":"[Producer clientId=producer-3] Instantiated an idempotent producer.","logger_name":"org.apache.kafka.clients.producer.KafkaProducer","thread_name":"main","level":"INFO","level_value":20000}
{"@timestamp":"2025-08-09T15:04:49.9030411+05:30","@version":"1","message":"[Producer clientId=producer-3] Closing the Kafka producer with timeoutMillis = 0 ms.","logger_name":"org.apache.kafka.clients.producer.KafkaProducer","thread_name":"main","level":"INFO","level_value":20000}
{"@timestamp":"2025-08-09T15:04:49.9081048+05:30","@version":"1","message":"Metrics scheduler closed","logger_name":"org.apache.kafka.common.metrics.Metrics","thread_name":"main","level":"INFO","level_value":20000}
{"@timestamp":"2025-08-09T15:04:49.9081048+05:30","@version":"1","message":"Closing reporter org.apache.kafka.common.metrics.JmxReporter","logger_name":"org.apache.kafka.common.metrics.Metrics","thread_name":"main","level":"INFO","level_value":20000}
{"@timestamp":"2025-08-09T15:04:49.909099+05:30","@version":"1","message":"Closing reporter org.apache.kafka.common.telemetry.internals.ClientTelemetryReporter","logger_name":"org.apache.kafka.common.metrics.Metrics","thread_name":"main","level":"INFO","level_value":20000}
{"@timestamp":"2025-08-09T15:04:49.909099+05:30","@version":"1","message":"Metrics reporters closed","logger_name":"org.apache.kafka.common.metrics.Metrics","thread_name":"main","level":"INFO","level_value":20000}
{"@timestamp":"2025-08-09T15:04:49.909099+05:30","@version":"1","message":"App info kafka.producer for producer-3 unregistered","logger_name":"org.apache.kafka.common.utils.AppInfoParser","thread_name":"main","level":"INFO","level_value":20000}
{"@timestamp":"2025-08-09T15:04:54.6648607+05:30","@version":"1","message":"Bootstrapping Spring Data JPA repositories in DEFAULT mode.","logger_name":"org.springframework.data.repository.config.RepositoryConfigurationDelegate","thread_name":"main","level":"INFO","level_value":20000}
{"@timestamp":"2025-08-09T15:04:54.6671127+05:30","@version":"1","message":"ProducerConfig values: \r\n\tacks = -1\r\n\tauto.include.jmx.reporter = true\r\n\tbatch.size = 16384\r\n\tbootstrap.servers = [spring.kafka.bootstrap-servers_IS_UNDEFINED]\r\n\tbuffer.memory = 33554432\r\n\tclient.dns.lookup = use_all_dns_ips\r\n\tclient.id = producer-4\r\n\tcompression.type = none\r\n\tconnections.max.idle.ms = 540000\r\n\tdelivery.timeout.ms = 120000\r\n\tenable.idempotence = true\r\n\tenable.metrics.push = true\r\n\tinterceptor.classes = []\r\n\tkey.serializer = class org.apache.kafka.common.serialization.ByteArraySerializer\r\n\tlinger.ms = 0\r\n\tmax.block.ms = 60000\r\n\tmax.in.flight.requests.per.connection = 5\r\n\tmax.request.size = 1048576\r\n\tmetadata.max.age.ms = 300000\r\n\tmetadata.max.idle.ms = 300000\r\n\tmetric.reporters = []\r\n\tmetrics.num.samples = 2\r\n\tmetrics.recording.level = INFO\r\n\tmetrics.sample.window.ms = 30000\r\n\tpartitioner.adaptive.partitioning.enable = true\r\n\tpartitioner.availability.timeout.ms = 0\r\n\tpartitioner.class = null\r\n\tpartitioner.ignore.keys = false\r\n\treceive.buffer.bytes = 32768\r\n\treconnect.backoff.max.ms = 1000\r\n\treconnect.backoff.ms = 50\r\n\trequest.timeout.ms = 30000\r\n\tretries = 2147483647\r\n\tretry.backoff.max.ms = 1000\r\n\tretry.backoff.ms = 100\r\n\tsasl.client.callback.handler.class = null\r\n\tsasl.jaas.config = null\r\n\tsasl.kerberos.kinit.cmd = /usr/bin/kinit\r\n\tsasl.kerberos.min.time.before.relogin = 60000\r\n\tsasl.kerberos.service.name = null\r\n\tsasl.kerberos.ticket.renew.jitter = 0.05\r\n\tsasl.kerberos.ticket.renew.window.factor = 0.8\r\n\tsasl.login.callback.handler.class = null\r\n\tsasl.login.class = null\r\n\tsasl.login.connect.timeout.ms = null\r\n\tsasl.login.read.timeout.ms = null\r\n\tsasl.login.refresh.buffer.seconds = 300\r\n\tsasl.login.refresh.min.period.seconds = 60\r\n\tsasl.login.refresh.window.factor = 0.8\r\n\tsasl.login.refresh.window.jitter = 0.05\r\n\tsasl.login.retry.backoff.max.ms = 10000\r\n\tsasl.login.retry.backoff.ms = 100\r\n\tsasl.mechanism = GSSAPI\r\n\tsasl.oauthbearer.clock.skew.seconds = 30\r\n\tsasl.oauthbearer.expected.audience = null\r\n\tsasl.oauthbearer.expected.issuer = null\r\n\tsasl.oauthbearer.jwks.endpoint.refresh.ms = 3600000\r\n\tsasl.oauthbearer.jwks.endpoint.retry.backoff.max.ms = 10000\r\n\tsasl.oauthbearer.jwks.endpoint.retry.backoff.ms = 100\r\n\tsasl.oauthbearer.jwks.endpoint.url = null\r\n\tsasl.oauthbearer.scope.claim.name = scope\r\n\tsasl.oauthbearer.sub.claim.name = sub\r\n\tsasl.oauthbearer.token.endpoint.url = null\r\n\tsecurity.protocol = PLAINTEXT\r\n\tsecurity.providers = null\r\n\tsend.buffer.bytes = 131072\r\n\tsocket.connection.setup.timeout.max.ms = 30000\r\n\tsocket.connection.setup.timeout.ms = 10000\r\n\tssl.cipher.suites = null\r\n\tssl.enabled.protocols = [TLSv1.2, TLSv1.3]\r\n\tssl.endpoint.identification.algorithm = https\r\n\tssl.engine.factory.class = null\r\n\tssl.key.password = null\r\n\tssl.keymanager.algorithm = SunX509\r\n\tssl.keystore.certificate.chain = null\r\n\tssl.keystore.key = null\r\n\tssl.keystore.location = null\r\n\tssl.keystore.password = null\r\n\tssl.keystore.type = JKS\r\n\tssl.protocol = TLSv1.3\r\n\tssl.provider = null\r\n\tssl.secure.random.implementation = null\r\n\tssl.trustmanager.algorithm = PKIX\r\n\tssl.truststore.certificates = null\r\n\tssl.truststore.location = null\r\n\tssl.truststore.password = null\r\n\tssl.truststore.type = JKS\r\n\ttransaction.timeout.ms = 60000\r\n\ttransactional.id = null\r\n\tvalue.serializer = class org.apache.kafka.common.serialization.ByteArraySerializer\r\n","logger_name":"org.apache.kafka.clients.producer.ProducerConfig","thread_name":"main","level":"INFO","level_value":20000}
{"@timestamp":"2025-08-09T15:04:54.6701164+05:30","@version":"1","message":"initializing Kafka metrics collector","logger_name":"org.apache.kafka.common.telemetry.internals.KafkaMetricsCollector","thread_name":"main","level":"INFO","level_value":20000}
{"@timestamp":"2025-08-09T15:04:54.6724213+05:30","@version":"1","message":"[Producer clientId=producer-4] Instantiated an idempotent producer.","logger_name":"org.apache.kafka.clients.producer.KafkaProducer","thread_name":"main","level":"INFO","level_value":20000}
{"@timestamp":"2025-08-09T15:04:54.6764913+05:30","@version":"1","message":"[Producer clientId=producer-4] Closing the Kafka producer with timeoutMillis = 0 ms.","logger_name":"org.apache.kafka.clients.producer.KafkaProducer","thread_name":"main","level":"INFO","level_value":20000}
{"@timestamp":"2025-08-09T15:04:54.6794862+05:30","@version":"1","message":"Metrics scheduler closed","logger_name":"org.apache.kafka.common.metrics.Metrics","thread_name":"main","level":"INFO","level_value":20000}
{"@timestamp":"2025-08-09T15:04:54.6794862+05:30","@version":"1","message":"Closing reporter org.apache.kafka.common.metrics.JmxReporter","logger_name":"org.apache.kafka.common.metrics.Metrics","thread_name":"main","level":"INFO","level_value":20000}
{"@timestamp":"2025-08-09T15:04:54.6814884+05:30","@version":"1","message":"Closing reporter org.apache.kafka.common.telemetry.internals.ClientTelemetryReporter","logger_name":"org.apache.kafka.common.metrics.Metrics","thread_name":"main","level":"INFO","level_value":20000}
{"@timestamp":"2025-08-09T15:04:54.6814884+05:30","@version":"1","message":"Metrics reporters closed","logger_name":"org.apache.kafka.common.metrics.Metrics","thread_name":"main","level":"INFO","level_value":20000}
{"@timestamp":"2025-08-09T15:04:54.6824971+05:30","@version":"1","message":"App info kafka.producer for producer-4 unregistered","logger_name":"org.apache.kafka.common.utils.AppInfoParser","thread_name":"main","level":"INFO","level_value":20000}
{"@timestamp":"2025-08-09T15:04:54.9539191+05:30","@version":"1","message":"Finished Spring Data repository scanning in 240 ms. Found 3 JPA repository interfaces.","logger_name":"org.springframework.data.repository.config.RepositoryConfigurationDelegate","thread_name":"main","level":"INFO","level_value":20000}
{"@timestamp":"2025-08-09T15:04:54.9583861+05:30","@version":"1","message":"ProducerConfig values: \r\n\tacks = -1\r\n\tauto.include.jmx.reporter = true\r\n\tbatch.size = 16384\r\n\tbootstrap.servers = [spring.kafka.bootstrap-servers_IS_UNDEFINED]\r\n\tbuffer.memory = 33554432\r\n\tclient.dns.lookup = use_all_dns_ips\r\n\tclient.id = producer-5\r\n\tcompression.type = none\r\n\tconnections.max.idle.ms = 540000\r\n\tdelivery.timeout.ms = 120000\r\n\tenable.idempotence = true\r\n\tenable.metrics.push = true\r\n\tinterceptor.classes = []\r\n\tkey.serializer = class org.apache.kafka.common.serialization.ByteArraySerializer\r\n\tlinger.ms = 0\r\n\tmax.block.ms = 60000\r\n\tmax.in.flight.requests.per.connection = 5\r\n\tmax.request.size = 1048576\r\n\tmetadata.max.age.ms = 300000\r\n\tmetadata.max.idle.ms = 300000\r\n\tmetric.reporters = []\r\n\tmetrics.num.samples = 2\r\n\tmetrics.recording.level = INFO\r\n\tmetrics.sample.window.ms = 30000\r\n\tpartitioner.adaptive.partitioning.enable = true\r\n\tpartitioner.availability.timeout.ms = 0\r\n\tpartitioner.class = null\r\n\tpartitioner.ignore.keys = false\r\n\treceive.buffer.bytes = 32768\r\n\treconnect.backoff.max.ms = 1000\r\n\treconnect.backoff.ms = 50\r\n\trequest.timeout.ms = 30000\r\n\tretries = 2147483647\r\n\tretry.backoff.max.ms = 1000\r\n\tretry.backoff.ms = 100\r\n\tsasl.client.callback.handler.class = null\r\n\tsasl.jaas.config = null\r\n\tsasl.kerberos.kinit.cmd = /usr/bin/kinit\r\n\tsasl.kerberos.min.time.before.relogin = 60000\r\n\tsasl.kerberos.service.name = null\r\n\tsasl.kerberos.ticket.renew.jitter = 0.05\r\n\tsasl.kerberos.ticket.renew.window.factor = 0.8\r\n\tsasl.login.callback.handler.class = null\r\n\tsasl.login.class = null\r\n\tsasl.login.connect.timeout.ms = null\r\n\tsasl.login.read.timeout.ms = null\r\n\tsasl.login.refresh.buffer.seconds = 300\r\n\tsasl.login.refresh.min.period.seconds = 60\r\n\tsasl.login.refresh.window.factor = 0.8\r\n\tsasl.login.refresh.window.jitter = 0.05\r\n\tsasl.login.retry.backoff.max.ms = 10000\r\n\tsasl.login.retry.backoff.ms = 100\r\n\tsasl.mechanism = GSSAPI\r\n\tsasl.oauthbearer.clock.skew.seconds = 30\r\n\tsasl.oauthbearer.expected.audience = null\r\n\tsasl.oauthbearer.expected.issuer = null\r\n\tsasl.oauthbearer.jwks.endpoint.refresh.ms = 3600000\r\n\tsasl.oauthbearer.jwks.endpoint.retry.backoff.max.ms = 10000\r\n\tsasl.oauthbearer.jwks.endpoint.retry.backoff.ms = 100\r\n\tsasl.oauthbearer.jwks.endpoint.url = null\r\n\tsasl.oauthbearer.scope.claim.name = scope\r\n\tsasl.oauthbearer.sub.claim.name = sub\r\n\tsasl.oauthbearer.token.endpoint.url = null\r\n\tsecurity.protocol = PLAINTEXT\r\n\tsecurity.providers = null\r\n\tsend.buffer.bytes = 131072\r\n\tsocket.connection.setup.timeout.max.ms = 30000\r\n\tsocket.connection.setup.timeout.ms = 10000\r\n\tssl.cipher.suites = null\r\n\tssl.enabled.protocols = [TLSv1.2, TLSv1.3]\r\n\tssl.endpoint.identification.algorithm = https\r\n\tssl.engine.factory.class = null\r\n\tssl.key.password = null\r\n\tssl.keymanager.algorithm = SunX509\r\n\tssl.keystore.certificate.chain = null\r\n\tssl.keystore.key = null\r\n\tssl.keystore.location = null\r\n\tssl.keystore.password = null\r\n\tssl.keystore.type = JKS\r\n\tssl.protocol = TLSv1.3\r\n\tssl.provider = null\r\n\tssl.secure.random.implementation = null\r\n\tssl.trustmanager.algorithm = PKIX\r\n\tssl.truststore.certificates = null\r\n\tssl.truststore.location = null\r\n\tssl.truststore.password = null\r\n\tssl.truststore.type = JKS\r\n\ttransaction.timeout.ms = 60000\r\n\ttransactional.id = null\r\n\tvalue.serializer = class org.apache.kafka.common.serialization.ByteArraySerializer\r\n","logger_name":"org.apache.kafka.clients.producer.ProducerConfig","thread_name":"main","level":"INFO","level_value":20000}
{"@timestamp":"2025-08-09T15:04:54.9624093+05:30","@version":"1","message":"initializing Kafka metrics collector","logger_name":"org.apache.kafka.common.telemetry.internals.KafkaMetricsCollector","thread_name":"main","level":"INFO","level_value":20000}
{"@timestamp":"2025-08-09T15:04:54.9750493+05:30","@version":"1","message":"[Producer clientId=producer-5] Instantiated an idempotent producer.","logger_name":"org.apache.kafka.clients.producer.KafkaProducer","thread_name":"main","level":"INFO","level_value":20000}
{"@timestamp":"2025-08-09T15:04:54.9794905+05:30","@version":"1","message":"[Producer clientId=producer-5] Closing the Kafka producer with timeoutMillis = 0 ms.","logger_name":"org.apache.kafka.clients.producer.KafkaProducer","thread_name":"main","level":"INFO","level_value":20000}
{"@timestamp":"2025-08-09T15:04:54.9921046+05:30","@version":"1","message":"Metrics scheduler closed","logger_name":"org.apache.kafka.common.metrics.Metrics","thread_name":"main","level":"INFO","level_value":20000}
{"@timestamp":"2025-08-09T15:04:54.9937434+05:30","@version":"1","message":"Closing reporter org.apache.kafka.common.metrics.JmxReporter","logger_name":"org.apache.kafka.common.metrics.Metrics","thread_name":"main","level":"INFO","level_value":20000}
{"@timestamp":"2025-08-09T15:04:54.9937434+05:30","@version":"1","message":"Closing reporter org.apache.kafka.common.telemetry.internals.ClientTelemetryReporter","logger_name":"org.apache.kafka.common.metrics.Metrics","thread_name":"main","level":"INFO","level_value":20000}
{"@timestamp":"2025-08-09T15:04:54.9946769+05:30","@version":"1","message":"Metrics reporters closed","logger_name":"org.apache.kafka.common.metrics.Metrics","thread_name":"main","level":"INFO","level_value":20000}
{"@timestamp":"2025-08-09T15:04:54.9976984+05:30","@version":"1","message":"App info kafka.producer for producer-5 unregistered","logger_name":"org.apache.kafka.common.utils.AppInfoParser","thread_name":"main","level":"INFO","level_value":20000}
{"@timestamp":"2025-08-09T15:04:58.3799479+05:30","@version":"1","message":"HHH000204: Processing PersistenceUnitInfo [name: default]","logger_name":"org.hibernate.jpa.internal.util.LogHelper","thread_name":"main","level":"INFO","level_value":20000}
{"@timestamp":"2025-08-09T15:04:58.3819473+05:30","@version":"1","message":"ProducerConfig values: \r\n\tacks = -1\r\n\tauto.include.jmx.reporter = true\r\n\tbatch.size = 16384\r\n\tbootstrap.servers = [spring.kafka.bootstrap-servers_IS_UNDEFINED]\r\n\tbuffer.memory = 33554432\r\n\tclient.dns.lookup = use_all_dns_ips\r\n\tclient.id = producer-6\r\n\tcompression.type = none\r\n\tconnections.max.idle.ms = 540000\r\n\tdelivery.timeout.ms = 120000\r\n\tenable.idempotence = true\r\n\tenable.metrics.push = true\r\n\tinterceptor.classes = []\r\n\tkey.serializer = class org.apache.kafka.common.serialization.ByteArraySerializer\r\n\tlinger.ms = 0\r\n\tmax.block.ms = 60000\r\n\tmax.in.flight.requests.per.connection = 5\r\n\tmax.request.size = 1048576\r\n\tmetadata.max.age.ms = 300000\r\n\tmetadata.max.idle.ms = 300000\r\n\tmetric.reporters = []\r\n\tmetrics.num.samples = 2\r\n\tmetrics.recording.level = INFO\r\n\tmetrics.sample.window.ms = 30000\r\n\tpartitioner.adaptive.partitioning.enable = true\r\n\tpartitioner.availability.timeout.ms = 0\r\n\tpartitioner.class = null\r\n\tpartitioner.ignore.keys = false\r\n\treceive.buffer.bytes = 32768\r\n\treconnect.backoff.max.ms = 1000\r\n\treconnect.backoff.ms = 50\r\n\trequest.timeout.ms = 30000\r\n\tretries = 2147483647\r\n\tretry.backoff.max.ms = 1000\r\n\tretry.backoff.ms = 100\r\n\tsasl.client.callback.handler.class = null\r\n\tsasl.jaas.config = null\r\n\tsasl.kerberos.kinit.cmd = /usr/bin/kinit\r\n\tsasl.kerberos.min.time.before.relogin = 60000\r\n\tsasl.kerberos.service.name = null\r\n\tsasl.kerberos.ticket.renew.jitter = 0.05\r\n\tsasl.kerberos.ticket.renew.window.factor = 0.8\r\n\tsasl.login.callback.handler.class = null\r\n\tsasl.login.class = null\r\n\tsasl.login.connect.timeout.ms = null\r\n\tsasl.login.read.timeout.ms = null\r\n\tsasl.login.refresh.buffer.seconds = 300\r\n\tsasl.login.refresh.min.period.seconds = 60\r\n\tsasl.login.refresh.window.factor = 0.8\r\n\tsasl.login.refresh.window.jitter = 0.05\r\n\tsasl.login.retry.backoff.max.ms = 10000\r\n\tsasl.login.retry.backoff.ms = 100\r\n\tsasl.mechanism = GSSAPI\r\n\tsasl.oauthbearer.clock.skew.seconds = 30\r\n\tsasl.oauthbearer.expected.audience = null\r\n\tsasl.oauthbearer.expected.issuer = null\r\n\tsasl.oauthbearer.jwks.endpoint.refresh.ms = 3600000\r\n\tsasl.oauthbearer.jwks.endpoint.retry.backoff.max.ms = 10000\r\n\tsasl.oauthbearer.jwks.endpoint.retry.backoff.ms = 100\r\n\tsasl.oauthbearer.jwks.endpoint.url = null\r\n\tsasl.oauthbearer.scope.claim.name = scope\r\n\tsasl.oauthbearer.sub.claim.name = sub\r\n\tsasl.oauthbearer.token.endpoint.url = null\r\n\tsecurity.protocol = PLAINTEXT\r\n\tsecurity.providers = null\r\n\tsend.buffer.bytes = 131072\r\n\tsocket.connection.setup.timeout.max.ms = 30000\r\n\tsocket.connection.setup.timeout.ms = 10000\r\n\tssl.cipher.suites = null\r\n\tssl.enabled.protocols = [TLSv1.2, TLSv1.3]\r\n\tssl.endpoint.identification.algorithm = https\r\n\tssl.engine.factory.class = null\r\n\tssl.key.password = null\r\n\tssl.keymanager.algorithm = SunX509\r\n\tssl.keystore.certificate.chain = null\r\n\tssl.keystore.key = null\r\n\tssl.keystore.location = null\r\n\tssl.keystore.password = null\r\n\tssl.keystore.type = JKS\r\n\tssl.protocol = TLSv1.3\r\n\tssl.provider = null\r\n\tssl.secure.random.implementation = null\r\n\tssl.trustmanager.algorithm = PKIX\r\n\tssl.truststore.certificates = null\r\n\tssl.truststore.location = null\r\n\tssl.truststore.password = null\r\n\tssl.truststore.type = JKS\r\n\ttransaction.timeout.ms = 60000\r\n\ttransactional.id = null\r\n\tvalue.serializer = class org.apache.kafka.common.serialization.ByteArraySerializer\r\n","logger_name":"org.apache.kafka.clients.producer.ProducerConfig","thread_name":"main","level":"INFO","level_value":20000}
{"@timestamp":"2025-08-09T15:04:58.3844907+05:30","@version":"1","message":"initializing Kafka metrics collector","logger_name":"org.apache.kafka.common.telemetry.internals.KafkaMetricsCollector","thread_name":"main","level":"INFO","level_value":20000}
{"@timestamp":"2025-08-09T15:04:58.3874927+05:30","@version":"1","message":"[Producer clientId=producer-6] Instantiated an idempotent producer.","logger_name":"org.apache.kafka.clients.producer.KafkaProducer","thread_name":"main","level":"INFO","level_value":20000}
{"@timestamp":"2025-08-09T15:04:58.3894912+05:30","@version":"1","message":"[Producer clientId=producer-6] Closing the Kafka producer with timeoutMillis = 0 ms.","logger_name":"org.apache.kafka.clients.producer.KafkaProducer","thread_name":"main","level":"INFO","level_value":20000}
{"@timestamp":"2025-08-09T15:04:58.3904866+05:30","@version":"1","message":"Metrics scheduler closed","logger_name":"org.apache.kafka.common.metrics.Metrics","thread_name":"main","level":"INFO","level_value":20000}
{"@timestamp":"2025-08-09T15:04:58.3914945+05:30","@version":"1","message":"Closing reporter org.apache.kafka.common.metrics.JmxReporter","logger_name":"org.apache.kafka.common.metrics.Metrics","thread_name":"main","level":"INFO","level_value":20000}
{"@timestamp":"2025-08-09T15:04:58.3914945+05:30","@version":"1","message":"Closing reporter org.apache.kafka.common.telemetry.internals.ClientTelemetryReporter","logger_name":"org.apache.kafka.common.metrics.Metrics","thread_name":"main","level":"INFO","level_value":20000}
{"@timestamp":"2025-08-09T15:04:58.3914945+05:30","@version":"1","message":"Metrics reporters closed","logger_name":"org.apache.kafka.common.metrics.Metrics","thread_name":"main","level":"INFO","level_value":20000}
{"@timestamp":"2025-08-09T15:04:58.3914945+05:30","@version":"1","message":"App info kafka.producer for producer-6 unregistered","logger_name":"org.apache.kafka.common.utils.AppInfoParser","thread_name":"main","level":"INFO","level_value":20000}
{"@timestamp":"2025-08-09T15:04:58.7183586+05:30","@version":"1","message":"HHH000412: Hibernate ORM core version 6.5.2.Final","logger_name":"org.hibernate.Version","thread_name":"main","level":"INFO","level_value":20000}
{"@timestamp":"2025-08-09T15:04:58.7203523+05:30","@version":"1","message":"ProducerConfig values: \r\n\tacks = -1\r\n\tauto.include.jmx.reporter = true\r\n\tbatch.size = 16384\r\n\tbootstrap.servers = [spring.kafka.bootstrap-servers_IS_UNDEFINED]\r\n\tbuffer.memory = 33554432\r\n\tclient.dns.lookup = use_all_dns_ips\r\n\tclient.id = producer-7\r\n\tcompression.type = none\r\n\tconnections.max.idle.ms = 540000\r\n\tdelivery.timeout.ms = 120000\r\n\tenable.idempotence = true\r\n\tenable.metrics.push = true\r\n\tinterceptor.classes = []\r\n\tkey.serializer = class org.apache.kafka.common.serialization.ByteArraySerializer\r\n\tlinger.ms = 0\r\n\tmax.block.ms = 60000\r\n\tmax.in.flight.requests.per.connection = 5\r\n\tmax.request.size = 1048576\r\n\tmetadata.max.age.ms = 300000\r\n\tmetadata.max.idle.ms = 300000\r\n\tmetric.reporters = []\r\n\tmetrics.num.samples = 2\r\n\tmetrics.recording.level = INFO\r\n\tmetrics.sample.window.ms = 30000\r\n\tpartitioner.adaptive.partitioning.enable = true\r\n\tpartitioner.availability.timeout.ms = 0\r\n\tpartitioner.class = null\r\n\tpartitioner.ignore.keys = false\r\n\treceive.buffer.bytes = 32768\r\n\treconnect.backoff.max.ms = 1000\r\n\treconnect.backoff.ms = 50\r\n\trequest.timeout.ms = 30000\r\n\tretries = 2147483647\r\n\tretry.backoff.max.ms = 1000\r\n\tretry.backoff.ms = 100\r\n\tsasl.client.callback.handler.class = null\r\n\tsasl.jaas.config = null\r\n\tsasl.kerberos.kinit.cmd = /usr/bin/kinit\r\n\tsasl.kerberos.min.time.before.relogin = 60000\r\n\tsasl.kerberos.service.name = null\r\n\tsasl.kerberos.ticket.renew.jitter = 0.05\r\n\tsasl.kerberos.ticket.renew.window.factor = 0.8\r\n\tsasl.login.callback.handler.class = null\r\n\tsasl.login.class = null\r\n\tsasl.login.connect.timeout.ms = null\r\n\tsasl.login.read.timeout.ms = null\r\n\tsasl.login.refresh.buffer.seconds = 300\r\n\tsasl.login.refresh.min.period.seconds = 60\r\n\tsasl.login.refresh.window.factor = 0.8\r\n\tsasl.login.refresh.window.jitter = 0.05\r\n\tsasl.login.retry.backoff.max.ms = 10000\r\n\tsasl.login.retry.backoff.ms = 100\r\n\tsasl.mechanism = GSSAPI\r\n\tsasl.oauthbearer.clock.skew.seconds = 30\r\n\tsasl.oauthbearer.expected.audience = null\r\n\tsasl.oauthbearer.expected.issuer = null\r\n\tsasl.oauthbearer.jwks.endpoint.refresh.ms = 3600000\r\n\tsasl.oauthbearer.jwks.endpoint.retry.backoff.max.ms = 10000\r\n\tsasl.oauthbearer.jwks.endpoint.retry.backoff.ms = 100\r\n\tsasl.oauthbearer.jwks.endpoint.url = null\r\n\tsasl.oauthbearer.scope.claim.name = scope\r\n\tsasl.oauthbearer.sub.claim.name = sub\r\n\tsasl.oauthbearer.token.endpoint.url = null\r\n\tsecurity.protocol = PLAINTEXT\r\n\tsecurity.providers = null\r\n\tsend.buffer.bytes = 131072\r\n\tsocket.connection.setup.timeout.max.ms = 30000\r\n\tsocket.connection.setup.timeout.ms = 10000\r\n\tssl.cipher.suites = null\r\n\tssl.enabled.protocols = [TLSv1.2, TLSv1.3]\r\n\tssl.endpoint.identification.algorithm = https\r\n\tssl.engine.factory.class = null\r\n\tssl.key.password = null\r\n\tssl.keymanager.algorithm = SunX509\r\n\tssl.keystore.certificate.chain = null\r\n\tssl.keystore.key = null\r\n\tssl.keystore.location = null\r\n\tssl.keystore.password = null\r\n\tssl.keystore.type = JKS\r\n\tssl.protocol = TLSv1.3\r\n\tssl.provider = null\r\n\tssl.secure.random.implementation = null\r\n\tssl.trustmanager.algorithm = PKIX\r\n\tssl.truststore.certificates = null\r\n\tssl.truststore.location = null\r\n\tssl.truststore.password = null\r\n\tssl.truststore.type = JKS\r\n\ttransaction.timeout.ms = 60000\r\n\ttransactional.id = null\r\n\tvalue.serializer = class org.apache.kafka.common.serialization.ByteArraySerializer\r\n","logger_name":"org.apache.kafka.clients.producer.ProducerConfig","thread_name":"main","level":"INFO","level_value":20000}
{"@timestamp":"2025-08-09T15:04:58.7223544+05:30","@version":"1","message":"initializing Kafka metrics collector","logger_name":"org.apache.kafka.common.telemetry.internals.KafkaMetricsCollector","thread_name":"main","level":"INFO","level_value":20000}
{"@timestamp":"2025-08-09T15:04:58.7238701+05:30","@version":"1","message":"[Producer clientId=producer-7] Instantiated an idempotent producer.","logger_name":"org.apache.kafka.clients.producer.KafkaProducer","thread_name":"main","level":"INFO","level_value":20000}
{"@timestamp":"2025-08-09T15:04:58.7267653+05:30","@version":"1","message":"[Producer clientId=producer-7] Closing the Kafka producer with timeoutMillis = 0 ms.","logger_name":"org.apache.kafka.clients.producer.KafkaProducer","thread_name":"main","level":"INFO","level_value":20000}
{"@timestamp":"2025-08-09T15:04:58.7278649+05:30","@version":"1","message":"Metrics scheduler closed","logger_name":"org.apache.kafka.common.metrics.Metrics","thread_name":"main","level":"INFO","level_value":20000}
{"@timestamp":"2025-08-09T15:04:58.7278649+05:30","@version":"1","message":"Closing reporter org.apache.kafka.common.metrics.JmxReporter","logger_name":"org.apache.kafka.common.metrics.Metrics","thread_name":"main","level":"INFO","level_value":20000}
{"@timestamp":"2025-08-09T15:04:58.7278649+05:30","@version":"1","message":"Closing reporter org.apache.kafka.common.telemetry.internals.ClientTelemetryReporter","logger_name":"org.apache.kafka.common.metrics.Metrics","thread_name":"main","level":"INFO","level_value":20000}
{"@timestamp":"2025-08-09T15:04:58.7288557+05:30","@version":"1","message":"Metrics reporters closed","logger_name":"org.apache.kafka.common.metrics.Metrics","thread_name":"main","level":"INFO","level_value":20000}
{"@timestamp":"2025-08-09T15:04:58.7288557+05:30","@version":"1","message":"App info kafka.producer for producer-7 unregistered","logger_name":"org.apache.kafka.common.utils.AppInfoParser","thread_name":"main","level":"INFO","level_value":20000}
{"@timestamp":"2025-08-09T15:04:58.8519436+05:30","@version":"1","message":"HHH000026: Second-level cache disabled","logger_name":"org.hibernate.cache.internal.RegionFactoryInitiator","thread_name":"main","level":"INFO","level_value":20000}
{"@timestamp":"2025-08-09T15:04:58.8544888+05:30","@version":"1","message":"ProducerConfig values: \r\n\tacks = -1\r\n\tauto.include.jmx.reporter = true\r\n\tbatch.size = 16384\r\n\tbootstrap.servers = [spring.kafka.bootstrap-servers_IS_UNDEFINED]\r\n\tbuffer.memory = 33554432\r\n\tclient.dns.lookup = use_all_dns_ips\r\n\tclient.id = producer-8\r\n\tcompression.type = none\r\n\tconnections.max.idle.ms = 540000\r\n\tdelivery.timeout.ms = 120000\r\n\tenable.idempotence = true\r\n\tenable.metrics.push = true\r\n\tinterceptor.classes = []\r\n\tkey.serializer = class org.apache.kafka.common.serialization.ByteArraySerializer\r\n\tlinger.ms = 0\r\n\tmax.block.ms = 60000\r\n\tmax.in.flight.requests.per.connection = 5\r\n\tmax.request.size = 1048576\r\n\tmetadata.max.age.ms = 300000\r\n\tmetadata.max.idle.ms = 300000\r\n\tmetric.reporters = []\r\n\tmetrics.num.samples = 2\r\n\tmetrics.recording.level = INFO\r\n\tmetrics.sample.window.ms = 30000\r\n\tpartitioner.adaptive.partitioning.enable = true\r\n\tpartitioner.availability.timeout.ms = 0\r\n\tpartitioner.class = null\r\n\tpartitioner.ignore.keys = false\r\n\treceive.buffer.bytes = 32768\r\n\treconnect.backoff.max.ms = 1000\r\n\treconnect.backoff.ms = 50\r\n\trequest.timeout.ms = 30000\r\n\tretries = 2147483647\r\n\tretry.backoff.max.ms = 1000\r\n\tretry.backoff.ms = 100\r\n\tsasl.client.callback.handler.class = null\r\n\tsasl.jaas.config = null\r\n\tsasl.kerberos.kinit.cmd = /usr/bin/kinit\r\n\tsasl.kerberos.min.time.before.relogin = 60000\r\n\tsasl.kerberos.service.name = null\r\n\tsasl.kerberos.ticket.renew.jitter = 0.05\r\n\tsasl.kerberos.ticket.renew.window.factor = 0.8\r\n\tsasl.login.callback.handler.class = null\r\n\tsasl.login.class = null\r\n\tsasl.login.connect.timeout.ms = null\r\n\tsasl.login.read.timeout.ms = null\r\n\tsasl.login.refresh.buffer.seconds = 300\r\n\tsasl.login.refresh.min.period.seconds = 60\r\n\tsasl.login.refresh.window.factor = 0.8\r\n\tsasl.login.refresh.window.jitter = 0.05\r\n\tsasl.login.retry.backoff.max.ms = 10000\r\n\tsasl.login.retry.backoff.ms = 100\r\n\tsasl.mechanism = GSSAPI\r\n\tsasl.oauthbearer.clock.skew.seconds = 30\r\n\tsasl.oauthbearer.expected.audience = null\r\n\tsasl.oauthbearer.expected.issuer = null\r\n\tsasl.oauthbearer.jwks.endpoint.refresh.ms = 3600000\r\n\tsasl.oauthbearer.jwks.endpoint.retry.backoff.max.ms = 10000\r\n\tsasl.oauthbearer.jwks.endpoint.retry.backoff.ms = 100\r\n\tsasl.oauthbearer.jwks.endpoint.url = null\r\n\tsasl.oauthbearer.scope.claim.name = scope\r\n\tsasl.oauthbearer.sub.claim.name = sub\r\n\tsasl.oauthbearer.token.endpoint.url = null\r\n\tsecurity.protocol = PLAINTEXT\r\n\tsecurity.providers = null\r\n\tsend.buffer.bytes = 131072\r\n\tsocket.connection.setup.timeout.max.ms = 30000\r\n\tsocket.connection.setup.timeout.ms = 10000\r\n\tssl.cipher.suites = null\r\n\tssl.enabled.protocols = [TLSv1.2, TLSv1.3]\r\n\tssl.endpoint.identification.algorithm = https\r\n\tssl.engine.factory.class = null\r\n\tssl.key.password = null\r\n\tssl.keymanager.algorithm = SunX509\r\n\tssl.keystore.certificate.chain = null\r\n\tssl.keystore.key = null\r\n\tssl.keystore.location = null\r\n\tssl.keystore.password = null\r\n\tssl.keystore.type = JKS\r\n\tssl.protocol = TLSv1.3\r\n\tssl.provider = null\r\n\tssl.secure.random.implementation = null\r\n\tssl.trustmanager.algorithm = PKIX\r\n\tssl.truststore.certificates = null\r\n\tssl.truststore.location = null\r\n\tssl.truststore.password = null\r\n\tssl.truststore.type = JKS\r\n\ttransaction.timeout.ms = 60000\r\n\ttransactional.id = null\r\n\tvalue.serializer = class org.apache.kafka.common.serialization.ByteArraySerializer\r\n","logger_name":"org.apache.kafka.clients.producer.ProducerConfig","thread_name":"main","level":"INFO","level_value":20000}
{"@timestamp":"2025-08-09T15:04:58.8554874+05:30","@version":"1","message":"initializing Kafka metrics collector","logger_name":"org.apache.kafka.common.telemetry.internals.KafkaMetricsCollector","thread_name":"main","level":"INFO","level_value":20000}
{"@timestamp":"2025-08-09T15:04:58.8578227+05:30","@version":"1","message":"[Producer clientId=producer-8] Instantiated an idempotent producer.","logger_name":"org.apache.kafka.clients.producer.KafkaProducer","thread_name":"main","level":"INFO","level_value":20000}
{"@timestamp":"2025-08-09T15:04:58.8598239+05:30","@version":"1","message":"[Producer clientId=producer-8] Closing the Kafka producer with timeoutMillis = 0 ms.","logger_name":"org.apache.kafka.clients.producer.KafkaProducer","thread_name":"main","level":"INFO","level_value":20000}
{"@timestamp":"2025-08-09T15:04:58.8638834+05:30","@version":"1","message":"Metrics scheduler closed","logger_name":"org.apache.kafka.common.metrics.Metrics","thread_name":"main","level":"INFO","level_value":20000}
{"@timestamp":"2025-08-09T15:04:58.8638834+05:30","@version":"1","message":"Closing reporter org.apache.kafka.common.metrics.JmxReporter","logger_name":"org.apache.kafka.common.metrics.Metrics","thread_name":"main","level":"INFO","level_value":20000}
{"@timestamp":"2025-08-09T15:04:58.8649008+05:30","@version":"1","message":"Closing reporter org.apache.kafka.common.telemetry.internals.ClientTelemetryReporter","logger_name":"org.apache.kafka.common.metrics.Metrics","thread_name":"main","level":"INFO","level_value":20000}
{"@timestamp":"2025-08-09T15:04:58.8649008+05:30","@version":"1","message":"Metrics reporters closed","logger_name":"org.apache.kafka.common.metrics.Metrics","thread_name":"main","level":"INFO","level_value":20000}
{"@timestamp":"2025-08-09T15:04:58.8659245+05:30","@version":"1","message":"App info kafka.producer for producer-8 unregistered","logger_name":"org.apache.kafka.common.utils.AppInfoParser","thread_name":"main","level":"INFO","level_value":20000}
{"@timestamp":"2025-08-09T15:04:59.8718476+05:30","@version":"1","message":"No LoadTimeWeaver setup: ignoring JPA class transformer","logger_name":"org.springframework.orm.jpa.persistenceunit.SpringPersistenceUnitInfo","thread_name":"main","level":"INFO","level_value":20000}
{"@timestamp":"2025-08-09T15:04:59.873429+05:30","@version":"1","message":"ProducerConfig values: \r\n\tacks = -1\r\n\tauto.include.jmx.reporter = true\r\n\tbatch.size = 16384\r\n\tbootstrap.servers = [spring.kafka.bootstrap-servers_IS_UNDEFINED]\r\n\tbuffer.memory = 33554432\r\n\tclient.dns.lookup = use_all_dns_ips\r\n\tclient.id = producer-9\r\n\tcompression.type = none\r\n\tconnections.max.idle.ms = 540000\r\n\tdelivery.timeout.ms = 120000\r\n\tenable.idempotence = true\r\n\tenable.metrics.push = true\r\n\tinterceptor.classes = []\r\n\tkey.serializer = class org.apache.kafka.common.serialization.ByteArraySerializer\r\n\tlinger.ms = 0\r\n\tmax.block.ms = 60000\r\n\tmax.in.flight.requests.per.connection = 5\r\n\tmax.request.size = 1048576\r\n\tmetadata.max.age.ms = 300000\r\n\tmetadata.max.idle.ms = 300000\r\n\tmetric.reporters = []\r\n\tmetrics.num.samples = 2\r\n\tmetrics.recording.level = INFO\r\n\tmetrics.sample.window.ms = 30000\r\n\tpartitioner.adaptive.partitioning.enable = true\r\n\tpartitioner.availability.timeout.ms = 0\r\n\tpartitioner.class = null\r\n\tpartitioner.ignore.keys = false\r\n\treceive.buffer.bytes = 32768\r\n\treconnect.backoff.max.ms = 1000\r\n\treconnect.backoff.ms = 50\r\n\trequest.timeout.ms = 30000\r\n\tretries = 2147483647\r\n\tretry.backoff.max.ms = 1000\r\n\tretry.backoff.ms = 100\r\n\tsasl.client.callback.handler.class = null\r\n\tsasl.jaas.config = null\r\n\tsasl.kerberos.kinit.cmd = /usr/bin/kinit\r\n\tsasl.kerberos.min.time.before.relogin = 60000\r\n\tsasl.kerberos.service.name = null\r\n\tsasl.kerberos.ticket.renew.jitter = 0.05\r\n\tsasl.kerberos.ticket.renew.window.factor = 0.8\r\n\tsasl.login.callback.handler.class = null\r\n\tsasl.login.class = null\r\n\tsasl.login.connect.timeout.ms = null\r\n\tsasl.login.read.timeout.ms = null\r\n\tsasl.login.refresh.buffer.seconds = 300\r\n\tsasl.login.refresh.min.period.seconds = 60\r\n\tsasl.login.refresh.window.factor = 0.8\r\n\tsasl.login.refresh.window.jitter = 0.05\r\n\tsasl.login.retry.backoff.max.ms = 10000\r\n\tsasl.login.retry.backoff.ms = 100\r\n\tsasl.mechanism = GSSAPI\r\n\tsasl.oauthbearer.clock.skew.seconds = 30\r\n\tsasl.oauthbearer.expected.audience = null\r\n\tsasl.oauthbearer.expected.issuer = null\r\n\tsasl.oauthbearer.jwks.endpoint.refresh.ms = 3600000\r\n\tsasl.oauthbearer.jwks.endpoint.retry.backoff.max.ms = 10000\r\n\tsasl.oauthbearer.jwks.endpoint.retry.backoff.ms = 100\r\n\tsasl.oauthbearer.jwks.endpoint.url = null\r\n\tsasl.oauthbearer.scope.claim.name = scope\r\n\tsasl.oauthbearer.sub.claim.name = sub\r\n\tsasl.oauthbearer.token.endpoint.url = null\r\n\tsecurity.protocol = PLAINTEXT\r\n\tsecurity.providers = null\r\n\tsend.buffer.bytes = 131072\r\n\tsocket.connection.setup.timeout.max.ms = 30000\r\n\tsocket.connection.setup.timeout.ms = 10000\r\n\tssl.cipher.suites = null\r\n\tssl.enabled.protocols = [TLSv1.2, TLSv1.3]\r\n\tssl.endpoint.identification.algorithm = https\r\n\tssl.engine.factory.class = null\r\n\tssl.key.password = null\r\n\tssl.keymanager.algorithm = SunX509\r\n\tssl.keystore.certificate.chain = null\r\n\tssl.keystore.key = null\r\n\tssl.keystore.location = null\r\n\tssl.keystore.password = null\r\n\tssl.keystore.type = JKS\r\n\tssl.protocol = TLSv1.3\r\n\tssl.provider = null\r\n\tssl.secure.random.implementation = null\r\n\tssl.trustmanager.algorithm = PKIX\r\n\tssl.truststore.certificates = null\r\n\tssl.truststore.location = null\r\n\tssl.truststore.password = null\r\n\tssl.truststore.type = JKS\r\n\ttransaction.timeout.ms = 60000\r\n\ttransactional.id = null\r\n\tvalue.serializer = class org.apache.kafka.common.serialization.ByteArraySerializer\r\n","logger_name":"org.apache.kafka.clients.producer.ProducerConfig","thread_name":"main","level":"INFO","level_value":20000}
{"@timestamp":"2025-08-09T15:04:59.8745176+05:30","@version":"1","message":"initializing Kafka metrics collector","logger_name":"org.apache.kafka.common.telemetry.internals.KafkaMetricsCollector","thread_name":"main","level":"INFO","level_value":20000}
{"@timestamp":"2025-08-09T15:04:59.8755147+05:30","@version":"1","message":"[Producer clientId=producer-9] Instantiated an idempotent producer.","logger_name":"org.apache.kafka.clients.producer.KafkaProducer","thread_name":"main","level":"INFO","level_value":20000}
{"@timestamp":"2025-08-09T15:04:59.8775141+05:30","@version":"1","message":"[Producer clientId=producer-9] Closing the Kafka producer with timeoutMillis = 0 ms.","logger_name":"org.apache.kafka.clients.producer.KafkaProducer","thread_name":"main","level":"INFO","level_value":20000}
{"@timestamp":"2025-08-09T15:04:59.878531+05:30","@version":"1","message":"Metrics scheduler closed","logger_name":"org.apache.kafka.common.metrics.Metrics","thread_name":"main","level":"INFO","level_value":20000}
{"@timestamp":"2025-08-09T15:04:59.878531+05:30","@version":"1","message":"Closing reporter org.apache.kafka.common.metrics.JmxReporter","logger_name":"org.apache.kafka.common.metrics.Metrics","thread_name":"main","level":"INFO","level_value":20000}
{"@timestamp":"2025-08-09T15:04:59.878531+05:30","@version":"1","message":"Closing reporter org.apache.kafka.common.telemetry.internals.ClientTelemetryReporter","logger_name":"org.apache.kafka.common.metrics.Metrics","thread_name":"main","level":"INFO","level_value":20000}
{"@timestamp":"2025-08-09T15:04:59.878531+05:30","@version":"1","message":"Metrics reporters closed","logger_name":"org.apache.kafka.common.metrics.Metrics","thread_name":"main","level":"INFO","level_value":20000}
{"@timestamp":"2025-08-09T15:04:59.8795331+05:30","@version":"1","message":"App info kafka.producer for producer-9 unregistered","logger_name":"org.apache.kafka.common.utils.AppInfoParser","thread_name":"main","level":"INFO","level_value":20000}
{"@timestamp":"2025-08-09T15:04:59.9635755+05:30","@version":"1","message":"HikariPool-1 - Starting...","logger_name":"com.zaxxer.hikari.HikariDataSource","thread_name":"main","level":"INFO","level_value":20000}
{"@timestamp":"2025-08-09T15:04:59.9654643+05:30","@version":"1","message":"ProducerConfig values: \r\n\tacks = -1\r\n\tauto.include.jmx.reporter = true\r\n\tbatch.size = 16384\r\n\tbootstrap.servers = [spring.kafka.bootstrap-servers_IS_UNDEFINED]\r\n\tbuffer.memory = 33554432\r\n\tclient.dns.lookup = use_all_dns_ips\r\n\tclient.id = producer-10\r\n\tcompression.type = none\r\n\tconnections.max.idle.ms = 540000\r\n\tdelivery.timeout.ms = 120000\r\n\tenable.idempotence = true\r\n\tenable.metrics.push = true\r\n\tinterceptor.classes = []\r\n\tkey.serializer = class org.apache.kafka.common.serialization.ByteArraySerializer\r\n\tlinger.ms = 0\r\n\tmax.block.ms = 60000\r\n\tmax.in.flight.requests.per.connection = 5\r\n\tmax.request.size = 1048576\r\n\tmetadata.max.age.ms = 300000\r\n\tmetadata.max.idle.ms = 300000\r\n\tmetric.reporters = []\r\n\tmetrics.num.samples = 2\r\n\tmetrics.recording.level = INFO\r\n\tmetrics.sample.window.ms = 30000\r\n\tpartitioner.adaptive.partitioning.enable = true\r\n\tpartitioner.availability.timeout.ms = 0\r\n\tpartitioner.class = null\r\n\tpartitioner.ignore.keys = false\r\n\treceive.buffer.bytes = 32768\r\n\treconnect.backoff.max.ms = 1000\r\n\treconnect.backoff.ms = 50\r\n\trequest.timeout.ms = 30000\r\n\tretries = 2147483647\r\n\tretry.backoff.max.ms = 1000\r\n\tretry.backoff.ms = 100\r\n\tsasl.client.callback.handler.class = null\r\n\tsasl.jaas.config = null\r\n\tsasl.kerberos.kinit.cmd = /usr/bin/kinit\r\n\tsasl.kerberos.min.time.before.relogin = 60000\r\n\tsasl.kerberos.service.name = null\r\n\tsasl.kerberos.ticket.renew.jitter = 0.05\r\n\tsasl.kerberos.ticket.renew.window.factor = 0.8\r\n\tsasl.login.callback.handler.class = null\r\n\tsasl.login.class = null\r\n\tsasl.login.connect.timeout.ms = null\r\n\tsasl.login.read.timeout.ms = null\r\n\tsasl.login.refresh.buffer.seconds = 300\r\n\tsasl.login.refresh.min.period.seconds = 60\r\n\tsasl.login.refresh.window.factor = 0.8\r\n\tsasl.login.refresh.window.jitter = 0.05\r\n\tsasl.login.retry.backoff.max.ms = 10000\r\n\tsasl.login.retry.backoff.ms = 100\r\n\tsasl.mechanism = GSSAPI\r\n\tsasl.oauthbearer.clock.skew.seconds = 30\r\n\tsasl.oauthbearer.expected.audience = null\r\n\tsasl.oauthbearer.expected.issuer = null\r\n\tsasl.oauthbearer.jwks.endpoint.refresh.ms = 3600000\r\n\tsasl.oauthbearer.jwks.endpoint.retry.backoff.max.ms = 10000\r\n\tsasl.oauthbearer.jwks.endpoint.retry.backoff.ms = 100\r\n\tsasl.oauthbearer.jwks.endpoint.url = null\r\n\tsasl.oauthbearer.scope.claim.name = scope\r\n\tsasl.oauthbearer.sub.claim.name = sub\r\n\tsasl.oauthbearer.token.endpoint.url = null\r\n\tsecurity.protocol = PLAINTEXT\r\n\tsecurity.providers = null\r\n\tsend.buffer.bytes = 131072\r\n\tsocket.connection.setup.timeout.max.ms = 30000\r\n\tsocket.connection.setup.timeout.ms = 10000\r\n\tssl.cipher.suites = null\r\n\tssl.enabled.protocols = [TLSv1.2, TLSv1.3]\r\n\tssl.endpoint.identification.algorithm = https\r\n\tssl.engine.factory.class = null\r\n\tssl.key.password = null\r\n\tssl.keymanager.algorithm = SunX509\r\n\tssl.keystore.certificate.chain = null\r\n\tssl.keystore.key = null\r\n\tssl.keystore.location = null\r\n\tssl.keystore.password = null\r\n\tssl.keystore.type = JKS\r\n\tssl.protocol = TLSv1.3\r\n\tssl.provider = null\r\n\tssl.secure.random.implementation = null\r\n\tssl.trustmanager.algorithm = PKIX\r\n\tssl.truststore.certificates = null\r\n\tssl.truststore.location = null\r\n\tssl.truststore.password = null\r\n\tssl.truststore.type = JKS\r\n\ttransaction.timeout.ms = 60000\r\n\ttransactional.id = null\r\n\tvalue.serializer = class org.apache.kafka.common.serialization.ByteArraySerializer\r\n","logger_name":"org.apache.kafka.clients.producer.ProducerConfig","thread_name":"main","level":"INFO","level_value":20000}
{"@timestamp":"2025-08-09T15:04:59.9664686+05:30","@version":"1","message":"initializing Kafka metrics collector","logger_name":"org.apache.kafka.common.telemetry.internals.KafkaMetricsCollector","thread_name":"main","level":"INFO","level_value":20000}
{"@timestamp":"2025-08-09T15:04:59.968465+05:30","@version":"1","message":"[Producer clientId=producer-10] Instantiated an idempotent producer.","logger_name":"org.apache.kafka.clients.producer.KafkaProducer","thread_name":"main","level":"INFO","level_value":20000}
{"@timestamp":"2025-08-09T15:04:59.9694666+05:30","@version":"1","message":"[Producer clientId=producer-10] Closing the Kafka producer with timeoutMillis = 0 ms.","logger_name":"org.apache.kafka.clients.producer.KafkaProducer","thread_name":"main","level":"INFO","level_value":20000}
{"@timestamp":"2025-08-09T15:04:59.9704728+05:30","@version":"1","message":"Metrics scheduler closed","logger_name":"org.apache.kafka.common.metrics.Metrics","thread_name":"main","level":"INFO","level_value":20000}
{"@timestamp":"2025-08-09T15:04:59.9704728+05:30","@version":"1","message":"Closing reporter org.apache.kafka.common.metrics.JmxReporter","logger_name":"org.apache.kafka.common.metrics.Metrics","thread_name":"main","level":"INFO","level_value":20000}
{"@timestamp":"2025-08-09T15:04:59.9714732+05:30","@version":"1","message":"Closing reporter org.apache.kafka.common.telemetry.internals.ClientTelemetryReporter","logger_name":"org.apache.kafka.common.metrics.Metrics","thread_name":"main","level":"INFO","level_value":20000}
{"@timestamp":"2025-08-09T15:04:59.9714732+05:30","@version":"1","message":"Metrics reporters closed","logger_name":"org.apache.kafka.common.metrics.Metrics","thread_name":"main","level":"INFO","level_value":20000}
{"@timestamp":"2025-08-09T15:04:59.9714732+05:30","@version":"1","message":"App info kafka.producer for producer-10 unregistered","logger_name":"org.apache.kafka.common.utils.AppInfoParser","thread_name":"main","level":"INFO","level_value":20000}
{"@timestamp":"2025-08-09T15:05:00.8363042+05:30","@version":"1","message":"HikariPool-1 - Added connection com.mysql.cj.jdbc.ConnectionImpl@329efc61","logger_name":"com.zaxxer.hikari.pool.HikariPool","thread_name":"main","level":"INFO","level_value":20000}
{"@timestamp":"2025-08-09T15:05:00.8385479+05:30","@version":"1","message":"ProducerConfig values: \r\n\tacks = -1\r\n\tauto.include.jmx.reporter = true\r\n\tbatch.size = 16384\r\n\tbootstrap.servers = [spring.kafka.bootstrap-servers_IS_UNDEFINED]\r\n\tbuffer.memory = 33554432\r\n\tclient.dns.lookup = use_all_dns_ips\r\n\tclient.id = producer-11\r\n\tcompression.type = none\r\n\tconnections.max.idle.ms = 540000\r\n\tdelivery.timeout.ms = 120000\r\n\tenable.idempotence = true\r\n\tenable.metrics.push = true\r\n\tinterceptor.classes = []\r\n\tkey.serializer = class org.apache.kafka.common.serialization.ByteArraySerializer\r\n\tlinger.ms = 0\r\n\tmax.block.ms = 60000\r\n\tmax.in.flight.requests.per.connection = 5\r\n\tmax.request.size = 1048576\r\n\tmetadata.max.age.ms = 300000\r\n\tmetadata.max.idle.ms = 300000\r\n\tmetric.reporters = []\r\n\tmetrics.num.samples = 2\r\n\tmetrics.recording.level = INFO\r\n\tmetrics.sample.window.ms = 30000\r\n\tpartitioner.adaptive.partitioning.enable = true\r\n\tpartitioner.availability.timeout.ms = 0\r\n\tpartitioner.class = null\r\n\tpartitioner.ignore.keys = false\r\n\treceive.buffer.bytes = 32768\r\n\treconnect.backoff.max.ms = 1000\r\n\treconnect.backoff.ms = 50\r\n\trequest.timeout.ms = 30000\r\n\tretries = 2147483647\r\n\tretry.backoff.max.ms = 1000\r\n\tretry.backoff.ms = 100\r\n\tsasl.client.callback.handler.class = null\r\n\tsasl.jaas.config = null\r\n\tsasl.kerberos.kinit.cmd = /usr/bin/kinit\r\n\tsasl.kerberos.min.time.before.relogin = 60000\r\n\tsasl.kerberos.service.name = null\r\n\tsasl.kerberos.ticket.renew.jitter = 0.05\r\n\tsasl.kerberos.ticket.renew.window.factor = 0.8\r\n\tsasl.login.callback.handler.class = null\r\n\tsasl.login.class = null\r\n\tsasl.login.connect.timeout.ms = null\r\n\tsasl.login.read.timeout.ms = null\r\n\tsasl.login.refresh.buffer.seconds = 300\r\n\tsasl.login.refresh.min.period.seconds = 60\r\n\tsasl.login.refresh.window.factor = 0.8\r\n\tsasl.login.refresh.window.jitter = 0.05\r\n\tsasl.login.retry.backoff.max.ms = 10000\r\n\tsasl.login.retry.backoff.ms = 100\r\n\tsasl.mechanism = GSSAPI\r\n\tsasl.oauthbearer.clock.skew.seconds = 30\r\n\tsasl.oauthbearer.expected.audience = null\r\n\tsasl.oauthbearer.expected.issuer = null\r\n\tsasl.oauthbearer.jwks.endpoint.refresh.ms = 3600000\r\n\tsasl.oauthbearer.jwks.endpoint.retry.backoff.max.ms = 10000\r\n\tsasl.oauthbearer.jwks.endpoint.retry.backoff.ms = 100\r\n\tsasl.oauthbearer.jwks.endpoint.url = null\r\n\tsasl.oauthbearer.scope.claim.name = scope\r\n\tsasl.oauthbearer.sub.claim.name = sub\r\n\tsasl.oauthbearer.token.endpoint.url = null\r\n\tsecurity.protocol = PLAINTEXT\r\n\tsecurity.providers = null\r\n\tsend.buffer.bytes = 131072\r\n\tsocket.connection.setup.timeout.max.ms = 30000\r\n\tsocket.connection.setup.timeout.ms = 10000\r\n\tssl.cipher.suites = null\r\n\tssl.enabled.protocols = [TLSv1.2, TLSv1.3]\r\n\tssl.endpoint.identification.algorithm = https\r\n\tssl.engine.factory.class = null\r\n\tssl.key.password = null\r\n\tssl.keymanager.algorithm = SunX509\r\n\tssl.keystore.certificate.chain = null\r\n\tssl.keystore.key = null\r\n\tssl.keystore.location = null\r\n\tssl.keystore.password = null\r\n\tssl.keystore.type = JKS\r\n\tssl.protocol = TLSv1.3\r\n\tssl.provider = null\r\n\tssl.secure.random.implementation = null\r\n\tssl.trustmanager.algorithm = PKIX\r\n\tssl.truststore.certificates = null\r\n\tssl.truststore.location = null\r\n\tssl.truststore.password = null\r\n\tssl.truststore.type = JKS\r\n\ttransaction.timeout.ms = 60000\r\n\ttransactional.id = null\r\n\tvalue.serializer = class org.apache.kafka.common.serialization.ByteArraySerializer\r\n","logger_name":"org.apache.kafka.clients.producer.ProducerConfig","thread_name":"main","level":"INFO","level_value":20000}
{"@timestamp":"2025-08-09T15:05:00.8395418+05:30","@version":"1","message":"initializing Kafka metrics collector","logger_name":"org.apache.kafka.common.telemetry.internals.KafkaMetricsCollector","thread_name":"main","level":"INFO","level_value":20000}
{"@timestamp":"2025-08-09T15:05:00.8451036+05:30","@version":"1","message":"[Producer clientId=producer-11] Instantiated an idempotent producer.","logger_name":"org.apache.kafka.clients.producer.KafkaProducer","thread_name":"main","level":"INFO","level_value":20000}
{"@timestamp":"2025-08-09T15:05:00.8491233+05:30","@version":"1","message":"[Producer clientId=producer-11] Closing the Kafka producer with timeoutMillis = 0 ms.","logger_name":"org.apache.kafka.clients.producer.KafkaProducer","thread_name":"main","level":"INFO","level_value":20000}
{"@timestamp":"2025-08-09T15:05:00.8501236+05:30","@version":"1","message":"Metrics scheduler closed","logger_name":"org.apache.kafka.common.metrics.Metrics","thread_name":"main","level":"INFO","level_value":20000}
{"@timestamp":"2025-08-09T15:05:00.8511213+05:30","@version":"1","message":"Closing reporter org.apache.kafka.common.metrics.JmxReporter","logger_name":"org.apache.kafka.common.metrics.Metrics","thread_name":"main","level":"INFO","level_value":20000}
{"@timestamp":"2025-08-09T15:05:00.8511213+05:30","@version":"1","message":"Closing reporter org.apache.kafka.common.telemetry.internals.ClientTelemetryReporter","logger_name":"org.apache.kafka.common.metrics.Metrics","thread_name":"main","level":"INFO","level_value":20000}
{"@timestamp":"2025-08-09T15:05:00.8511213+05:30","@version":"1","message":"Metrics reporters closed","logger_name":"org.apache.kafka.common.metrics.Metrics","thread_name":"main","level":"INFO","level_value":20000}
{"@timestamp":"2025-08-09T15:05:00.8511213+05:30","@version":"1","message":"App info kafka.producer for producer-11 unregistered","logger_name":"org.apache.kafka.common.utils.AppInfoParser","thread_name":"main","level":"INFO","level_value":20000}
{"@timestamp":"2025-08-09T15:05:00.8576733+05:30","@version":"1","message":"HikariPool-1 - Start completed.","logger_name":"com.zaxxer.hikari.HikariDataSource","thread_name":"main","level":"INFO","level_value":20000}
{"@timestamp":"2025-08-09T15:05:00.858673+05:30","@version":"1","message":"ProducerConfig values: \r\n\tacks = -1\r\n\tauto.include.jmx.reporter = true\r\n\tbatch.size = 16384\r\n\tbootstrap.servers = [spring.kafka.bootstrap-servers_IS_UNDEFINED]\r\n\tbuffer.memory = 33554432\r\n\tclient.dns.lookup = use_all_dns_ips\r\n\tclient.id = producer-12\r\n\tcompression.type = none\r\n\tconnections.max.idle.ms = 540000\r\n\tdelivery.timeout.ms = 120000\r\n\tenable.idempotence = true\r\n\tenable.metrics.push = true\r\n\tinterceptor.classes = []\r\n\tkey.serializer = class org.apache.kafka.common.serialization.ByteArraySerializer\r\n\tlinger.ms = 0\r\n\tmax.block.ms = 60000\r\n\tmax.in.flight.requests.per.connection = 5\r\n\tmax.request.size = 1048576\r\n\tmetadata.max.age.ms = 300000\r\n\tmetadata.max.idle.ms = 300000\r\n\tmetric.reporters = []\r\n\tmetrics.num.samples = 2\r\n\tmetrics.recording.level = INFO\r\n\tmetrics.sample.window.ms = 30000\r\n\tpartitioner.adaptive.partitioning.enable = true\r\n\tpartitioner.availability.timeout.ms = 0\r\n\tpartitioner.class = null\r\n\tpartitioner.ignore.keys = false\r\n\treceive.buffer.bytes = 32768\r\n\treconnect.backoff.max.ms = 1000\r\n\treconnect.backoff.ms = 50\r\n\trequest.timeout.ms = 30000\r\n\tretries = 2147483647\r\n\tretry.backoff.max.ms = 1000\r\n\tretry.backoff.ms = 100\r\n\tsasl.client.callback.handler.class = null\r\n\tsasl.jaas.config = null\r\n\tsasl.kerberos.kinit.cmd = /usr/bin/kinit\r\n\tsasl.kerberos.min.time.before.relogin = 60000\r\n\tsasl.kerberos.service.name = null\r\n\tsasl.kerberos.ticket.renew.jitter = 0.05\r\n\tsasl.kerberos.ticket.renew.window.factor = 0.8\r\n\tsasl.login.callback.handler.class = null\r\n\tsasl.login.class = null\r\n\tsasl.login.connect.timeout.ms = null\r\n\tsasl.login.read.timeout.ms = null\r\n\tsasl.login.refresh.buffer.seconds = 300\r\n\tsasl.login.refresh.min.period.seconds = 60\r\n\tsasl.login.refresh.window.factor = 0.8\r\n\tsasl.login.refresh.window.jitter = 0.05\r\n\tsasl.login.retry.backoff.max.ms = 10000\r\n\tsasl.login.retry.backoff.ms = 100\r\n\tsasl.mechanism = GSSAPI\r\n\tsasl.oauthbearer.clock.skew.seconds = 30\r\n\tsasl.oauthbearer.expected.audience = null\r\n\tsasl.oauthbearer.expected.issuer = null\r\n\tsasl.oauthbearer.jwks.endpoint.refresh.ms = 3600000\r\n\tsasl.oauthbearer.jwks.endpoint.retry.backoff.max.ms = 10000\r\n\tsasl.oauthbearer.jwks.endpoint.retry.backoff.ms = 100\r\n\tsasl.oauthbearer.jwks.endpoint.url = null\r\n\tsasl.oauthbearer.scope.claim.name = scope\r\n\tsasl.oauthbearer.sub.claim.name = sub\r\n\tsasl.oauthbearer.token.endpoint.url = null\r\n\tsecurity.protocol = PLAINTEXT\r\n\tsecurity.providers = null\r\n\tsend.buffer.bytes = 131072\r\n\tsocket.connection.setup.timeout.max.ms = 30000\r\n\tsocket.connection.setup.timeout.ms = 10000\r\n\tssl.cipher.suites = null\r\n\tssl.enabled.protocols = [TLSv1.2, TLSv1.3]\r\n\tssl.endpoint.identification.algorithm = https\r\n\tssl.engine.factory.class = null\r\n\tssl.key.password = null\r\n\tssl.keymanager.algorithm = SunX509\r\n\tssl.keystore.certificate.chain = null\r\n\tssl.keystore.key = null\r\n\tssl.keystore.location = null\r\n\tssl.keystore.password = null\r\n\tssl.keystore.type = JKS\r\n\tssl.protocol = TLSv1.3\r\n\tssl.provider = null\r\n\tssl.secure.random.implementation = null\r\n\tssl.trustmanager.algorithm = PKIX\r\n\tssl.truststore.certificates = null\r\n\tssl.truststore.location = null\r\n\tssl.truststore.password = null\r\n\tssl.truststore.type = JKS\r\n\ttransaction.timeout.ms = 60000\r\n\ttransactional.id = null\r\n\tvalue.serializer = class org.apache.kafka.common.serialization.ByteArraySerializer\r\n","logger_name":"org.apache.kafka.clients.producer.ProducerConfig","thread_name":"main","level":"INFO","level_value":20000}
{"@timestamp":"2025-08-09T15:05:00.8596748+05:30","@version":"1","message":"initializing Kafka metrics collector","logger_name":"org.apache.kafka.common.telemetry.internals.KafkaMetricsCollector","thread_name":"main","level":"INFO","level_value":20000}
{"@timestamp":"2025-08-09T15:05:00.8606725+05:30","@version":"1","message":"[Producer clientId=producer-12] Instantiated an idempotent producer.","logger_name":"org.apache.kafka.clients.producer.KafkaProducer","thread_name":"main","level":"INFO","level_value":20000}
{"@timestamp":"2025-08-09T15:05:00.8642271+05:30","@version":"1","message":"[Producer clientId=producer-12] Closing the Kafka producer with timeoutMillis = 0 ms.","logger_name":"org.apache.kafka.clients.producer.KafkaProducer","thread_name":"main","level":"INFO","level_value":20000}
{"@timestamp":"2025-08-09T15:05:00.8652281+05:30","@version":"1","message":"Metrics scheduler closed","logger_name":"org.apache.kafka.common.metrics.Metrics","thread_name":"main","level":"INFO","level_value":20000}
{"@timestamp":"2025-08-09T15:05:00.8662372+05:30","@version":"1","message":"Closing reporter org.apache.kafka.common.metrics.JmxReporter","logger_name":"org.apache.kafka.common.metrics.Metrics","thread_name":"main","level":"INFO","level_value":20000}
{"@timestamp":"2025-08-09T15:05:00.8662372+05:30","@version":"1","message":"Closing reporter org.apache.kafka.common.telemetry.internals.ClientTelemetryReporter","logger_name":"org.apache.kafka.common.metrics.Metrics","thread_name":"main","level":"INFO","level_value":20000}
{"@timestamp":"2025-08-09T15:05:00.8662372+05:30","@version":"1","message":"Metrics reporters closed","logger_name":"org.apache.kafka.common.metrics.Metrics","thread_name":"main","level":"INFO","level_value":20000}
{"@timestamp":"2025-08-09T15:05:00.8672259+05:30","@version":"1","message":"App info kafka.producer for producer-12 unregistered","logger_name":"org.apache.kafka.common.utils.AppInfoParser","thread_name":"main","level":"INFO","level_value":20000}
{"@timestamp":"2025-08-09T15:05:01.1067071+05:30","@version":"1","message":"HHH90000025: MySQL8Dialect does not need to be specified explicitly using 'hibernate.dialect' (remove the property setting and it will be selected by default)","logger_name":"org.hibernate.orm.deprecation","thread_name":"main","level":"WARN","level_value":30000}
{"@timestamp":"2025-08-09T15:05:01.1097055+05:30","@version":"1","message":"ProducerConfig values: \r\n\tacks = -1\r\n\tauto.include.jmx.reporter = true\r\n\tbatch.size = 16384\r\n\tbootstrap.servers = [spring.kafka.bootstrap-servers_IS_UNDEFINED]\r\n\tbuffer.memory = 33554432\r\n\tclient.dns.lookup = use_all_dns_ips\r\n\tclient.id = producer-13\r\n\tcompression.type = none\r\n\tconnections.max.idle.ms = 540000\r\n\tdelivery.timeout.ms = 120000\r\n\tenable.idempotence = true\r\n\tenable.metrics.push = true\r\n\tinterceptor.classes = []\r\n\tkey.serializer = class org.apache.kafka.common.serialization.ByteArraySerializer\r\n\tlinger.ms = 0\r\n\tmax.block.ms = 60000\r\n\tmax.in.flight.requests.per.connection = 5\r\n\tmax.request.size = 1048576\r\n\tmetadata.max.age.ms = 300000\r\n\tmetadata.max.idle.ms = 300000\r\n\tmetric.reporters = []\r\n\tmetrics.num.samples = 2\r\n\tmetrics.recording.level = INFO\r\n\tmetrics.sample.window.ms = 30000\r\n\tpartitioner.adaptive.partitioning.enable = true\r\n\tpartitioner.availability.timeout.ms = 0\r\n\tpartitioner.class = null\r\n\tpartitioner.ignore.keys = false\r\n\treceive.buffer.bytes = 32768\r\n\treconnect.backoff.max.ms = 1000\r\n\treconnect.backoff.ms = 50\r\n\trequest.timeout.ms = 30000\r\n\tretries = 2147483647\r\n\tretry.backoff.max.ms = 1000\r\n\tretry.backoff.ms = 100\r\n\tsasl.client.callback.handler.class = null\r\n\tsasl.jaas.config = null\r\n\tsasl.kerberos.kinit.cmd = /usr/bin/kinit\r\n\tsasl.kerberos.min.time.before.relogin = 60000\r\n\tsasl.kerberos.service.name = null\r\n\tsasl.kerberos.ticket.renew.jitter = 0.05\r\n\tsasl.kerberos.ticket.renew.window.factor = 0.8\r\n\tsasl.login.callback.handler.class = null\r\n\tsasl.login.class = null\r\n\tsasl.login.connect.timeout.ms = null\r\n\tsasl.login.read.timeout.ms = null\r\n\tsasl.login.refresh.buffer.seconds = 300\r\n\tsasl.login.refresh.min.period.seconds = 60\r\n\tsasl.login.refresh.window.factor = 0.8\r\n\tsasl.login.refresh.window.jitter = 0.05\r\n\tsasl.login.retry.backoff.max.ms = 10000\r\n\tsasl.login.retry.backoff.ms = 100\r\n\tsasl.mechanism = GSSAPI\r\n\tsasl.oauthbearer.clock.skew.seconds = 30\r\n\tsasl.oauthbearer.expected.audience = null\r\n\tsasl.oauthbearer.expected.issuer = null\r\n\tsasl.oauthbearer.jwks.endpoint.refresh.ms = 3600000\r\n\tsasl.oauthbearer.jwks.endpoint.retry.backoff.max.ms = 10000\r\n\tsasl.oauthbearer.jwks.endpoint.retry.backoff.ms = 100\r\n\tsasl.oauthbearer.jwks.endpoint.url = null\r\n\tsasl.oauthbearer.scope.claim.name = scope\r\n\tsasl.oauthbearer.sub.claim.name = sub\r\n\tsasl.oauthbearer.token.endpoint.url = null\r\n\tsecurity.protocol = PLAINTEXT\r\n\tsecurity.providers = null\r\n\tsend.buffer.bytes = 131072\r\n\tsocket.connection.setup.timeout.max.ms = 30000\r\n\tsocket.connection.setup.timeout.ms = 10000\r\n\tssl.cipher.suites = null\r\n\tssl.enabled.protocols = [TLSv1.2, TLSv1.3]\r\n\tssl.endpoint.identification.algorithm = https\r\n\tssl.engine.factory.class = null\r\n\tssl.key.password = null\r\n\tssl.keymanager.algorithm = SunX509\r\n\tssl.keystore.certificate.chain = null\r\n\tssl.keystore.key = null\r\n\tssl.keystore.location = null\r\n\tssl.keystore.password = null\r\n\tssl.keystore.type = JKS\r\n\tssl.protocol = TLSv1.3\r\n\tssl.provider = null\r\n\tssl.secure.random.implementation = null\r\n\tssl.trustmanager.algorithm = PKIX\r\n\tssl.truststore.certificates = null\r\n\tssl.truststore.location = null\r\n\tssl.truststore.password = null\r\n\tssl.truststore.type = JKS\r\n\ttransaction.timeout.ms = 60000\r\n\ttransactional.id = null\r\n\tvalue.serializer = class org.apache.kafka.common.serialization.ByteArraySerializer\r\n","logger_name":"org.apache.kafka.clients.producer.ProducerConfig","thread_name":"main","level":"INFO","level_value":20000}
{"@timestamp":"2025-08-09T15:05:01.1117048+05:30","@version":"1","message":"initializing Kafka metrics collector","logger_name":"org.apache.kafka.common.telemetry.internals.KafkaMetricsCollector","thread_name":"main","level":"INFO","level_value":20000}
{"@timestamp":"2025-08-09T15:05:01.1142542+05:30","@version":"1","message":"[Producer clientId=producer-13] Instantiated an idempotent producer.","logger_name":"org.apache.kafka.clients.producer.KafkaProducer","thread_name":"main","level":"INFO","level_value":20000}
{"@timestamp":"2025-08-09T15:05:01.1172699+05:30","@version":"1","message":"[Producer clientId=producer-13] Closing the Kafka producer with timeoutMillis = 0 ms.","logger_name":"org.apache.kafka.clients.producer.KafkaProducer","thread_name":"main","level":"INFO","level_value":20000}
{"@timestamp":"2025-08-09T15:05:01.1192737+05:30","@version":"1","message":"Metrics scheduler closed","logger_name":"org.apache.kafka.common.metrics.Metrics","thread_name":"main","level":"INFO","level_value":20000}
{"@timestamp":"2025-08-09T15:05:01.1192737+05:30","@version":"1","message":"Closing reporter org.apache.kafka.common.metrics.JmxReporter","logger_name":"org.apache.kafka.common.metrics.Metrics","thread_name":"main","level":"INFO","level_value":20000}
{"@timestamp":"2025-08-09T15:05:01.1202726+05:30","@version":"1","message":"Closing reporter org.apache.kafka.common.telemetry.internals.ClientTelemetryReporter","logger_name":"org.apache.kafka.common.metrics.Metrics","thread_name":"main","level":"INFO","level_value":20000}
{"@timestamp":"2025-08-09T15:05:01.1202726+05:30","@version":"1","message":"Metrics reporters closed","logger_name":"org.apache.kafka.common.metrics.Metrics","thread_name":"main","level":"INFO","level_value":20000}
{"@timestamp":"2025-08-09T15:05:01.1202726+05:30","@version":"1","message":"App info kafka.producer for producer-13 unregistered","logger_name":"org.apache.kafka.common.utils.AppInfoParser","thread_name":"main","level":"INFO","level_value":20000}
{"@timestamp":"2025-08-09T15:05:01.1237824+05:30","@version":"1","message":"HHH90000026: MySQL8Dialect has been deprecated; use org.hibernate.dialect.MySQLDialect instead","logger_name":"org.hibernate.orm.deprecation","thread_name":"main","level":"WARN","level_value":30000}
[...]
e = true\r\n\tpartitioner.availability.timeout.ms = 0\r\n\tpartitioner.class = null\r\n\tpartitioner.ignore.keys = false\r\n\treceive.buffer.bytes = 32768\r\n\treconnect.backoff.max.ms = 1000\r\n\treconnect.backoff.ms = 50\r\n\trequest.timeout.ms = 30000\r\n\tretries = 2147483647\r\n\tretry.backoff.max.ms = 1000\r\n\tretry.backoff.ms = 100\r\n\tsasl.client.callback.handler.class = null\r\n\tsasl.jaas.config = null\r\n\tsasl.kerberos.kinit.cmd = /usr/bin/kinit\r\n\tsasl.kerberos.min.time.before.relogin = 60000\r\n\tsasl.kerberos.service.name = null\r\n\tsasl.kerberos.ticket.renew.jitter = 0.05\r\n\tsasl.kerberos.ticket.renew.window.factor = 0.8\r\n\tsasl.login.callback.handler.class = null\r\n\tsasl.login.class = null\r\n\tsasl.login.connect.timeout.ms = null\r\n\tsasl.login.read.timeout.ms = null\r\n\tsasl.login.refresh.buffer.seconds = 300\r\n\tsasl.login.refresh.min.period.seconds = 60\r\n\tsasl.login.refresh.window.factor = 0.8\r\n\tsasl.login.refresh.window.jitter = 0.05\r\n\tsasl.login.retry.backoff.max.ms = 10000\r\n\tsasl.login.retry.backoff.ms = 100\r\n\tsasl.mechanism = GSSAPI\r\n\tsasl.oauthbearer.clock.skew.seconds = 30\r\n\tsasl.oauthbearer.expected.audience = null\r\n\tsasl.oauthbearer.expected.issuer = null\r\n\tsasl.oauthbearer.jwks.endpoint.refresh.ms = 3600000\r\n\tsasl.oauthbearer.jwks.endpoint.retry.backoff.max.ms = 10000\r\n\tsasl.oauthbearer.jwks.endpoint.retry.backoff.ms = 100\r\n\tsasl.oauthbearer.jwks.endpoint.url = null\r\n\tsasl.oauthbearer.scope.claim.name = scope\r\n\tsasl.oauthbearer.sub.claim.name = sub\r\n\tsasl.oauthbearer.token.endpoint.url = null\r\n\tsecurity.protocol = PLAINTEXT\r\n\tsecurity.providers = null\r\n\tsend.buffer.bytes = 131072\r\n\tsocket.connection.setup.timeout.max.ms = 30000\r\n\tsocket.connection.setup.timeout.ms = 10000\r\n\tssl.cipher.suites = null\r\n\tssl.enabled.protocols = [TLSv1.2, TLSv1.3]\r\n\tssl.endpoint.identification.algorithm = https\r\n\tssl.engine.factory.class = null\r\n\tssl.key.password = null\r\n\tssl.keymanager.algorithm = SunX509\r\n\tssl.keystore.certificate.chain = null\r\n\tssl.keystore.key = null\r\n\tssl.keystore.location = null\r\n\tssl.keystore.password = null\r\n\tssl.keystore.type = JKS\r\n\tssl.protocol = TLSv1.3\r\n\tssl.provider = null\r\n\tssl.secure.random.implementation = null\r\n\tssl.trustmanager.algorithm = PKIX\r\n\tssl.truststore.certificates = null\r\n\tssl.truststore.location = null\r\n\tssl.truststore.password = null\r\n\tssl.truststore.type = JKS\r\n\ttransaction.timeout.ms = 60000\r\n\ttransactional.id = null\r\n\tvalue.serializer = class org.apache.kafka.common.serialization.ByteArraySerializer\r\n","logger_name":"org.apache.kafka.clients.producer.ProducerConfig","thread_name":"org.springframework.kafka.KafkaListenerEndpointContainer#0-0-C-1","level":"INFO","level_value":20000}
{"@timestamp":"2025-08-09T15:05:57.4235327+05:30","@version":"1","message":"initializing Kafka metrics collector","logger_name":"org.apache.kafka.common.telemetry.internals.KafkaMetricsCollector","thread_name":"org.springframework.kafka.KafkaListenerEndpointContainer#0-0-C-1","level":"INFO","level_value":20000}
{"@timestamp":"2025-08-09T15:05:57.4249193+05:30","@version":"1","message":"[Producer clientId=producer-139] Instantiated an idempotent producer.","logger_name":"org.apache.kafka.clients.producer.KafkaProducer","thread_name":"org.springframework.kafka.KafkaListenerEndpointContainer#0-0-C-1","level":"INFO","level_value":20000}
{"@timestamp":"2025-08-09T15:05:57.4259544+05:30","@version":"1","message":"[Producer clientId=producer-139] Closing the Kafka producer with timeoutMillis = 0 ms.","logger_name":"org.apache.kafka.clients.producer.KafkaProducer","thread_name":"org.springframework.kafka.KafkaListenerEndpointContainer#0-0-C-1","level":"INFO","level_value":20000}
{"@timestamp":"2025-08-09T15:05:57.4269556+05:30","@version":"1","message":"Metrics scheduler closed","logger_name":"org.apache.kafka.common.metrics.Metrics","thread_name":"org.springframework.kafka.KafkaListenerEndpointContainer#0-0-C-1","level":"INFO","level_value":20000}
{"@timestamp":"2025-08-09T15:05:57.4269556+05:30","@version":"1","message":"Closing reporter org.apache.kafka.common.metrics.JmxReporter","logger_name":"org.apache.kafka.common.metrics.Metrics","thread_name":"org.springframework.kafka.KafkaListenerEndpointContainer#0-0-C-1","level":"INFO","level_value":20000}
{"@timestamp":"2025-08-09T15:05:57.4269556+05:30","@version":"1","message":"Closing reporter org.apache.kafka.common.telemetry.internals.ClientTelemetryReporter","logger_name":"org.apache.kafka.common.metrics.Metrics","thread_name":"org.springframework.kafka.KafkaListenerEndpointContainer#0-0-C-1","level":"INFO","level_value":20000}
{"@timestamp":"2025-08-09T15:05:57.4279549+05:30","@version":"1","message":"Metrics reporters closed","logger_name":"org.apache.kafka.common.metrics.Metrics","thread_name":"org.springframework.kafka.KafkaListenerEndpointContainer#0-0-C-1","level":"INFO","level_value":20000}
{"@timestamp":"2025-08-09T15:05:57.4279549+05:30","@version":"1","message":"App info kafka.producer for producer-139 unregistered","logger_name":"org.apache.kafka.common.utils.AppInfoParser","thread_name":"org.springframework.kafka.KafkaListenerEndpointContainer#0-0-C-1","level":"INFO","level_value":20000}
{"@timestamp":"2025-08-09T15:05:57.4279549+05:30","@version":"1","message":"[Consumer clientId=consumer-moviebooking-admin-1, groupId=moviebooking-admin] Connection to node -1 (localhost/127.0.0.1:9092) could not be established. Node may not be available.","logger_name":"org.apache.kafka.clients.NetworkClient","thread_name":"org.springframework.kafka.KafkaListenerEndpointContainer#0-0-C-1","level":"WARN","level_value":30000}
{"@timestamp":"2025-08-09T15:05:57.4289541+05:30","@version":"1","message":"ProducerConfig values: \r\n\tacks = -1\r\n\tauto.include.jmx.reporter = true\r\n\tbatch.size = 16384\r\n\tbootstrap.servers = [spring.kafka.bootstrap-servers_IS_UNDEFINED]\r\n\tbuffer.memory = 33554432\r\n\tclient.dns.lookup = use_all_dns_ips\r\n\tclient.id = producer-140\r\n\tcompression.type = none\r\n\tconnections.max.idle.ms = 540000\r\n\tdelivery.timeout.ms = 120000\r\n\tenable.idempotence = true\r\n\tenable.metrics.push = true\r\n\tinterceptor.classes = []\r\n\tkey.serializer = class org.apache.kafka.common.serialization.ByteArraySerializer\r\n\tlinger.ms = 0\r\n\tmax.block.ms = 60000\r\n\tmax.in.flight.requests.per.connection = 5\r\n\tmax.request.size = 1048576\r\n\tmetadata.max.age.ms = 300000\r\n\tmetadata.max.idle.ms = 300000\r\n\tmetric.reporters = []\r\n\tmetrics.num.samples = 2\r\n\tmetrics.recording.level = INFO\r\n\tmetrics.sample.window.ms = 30000\r\n\tpartitioner.adaptive.partitioning.enable = true\r\n\tpartitioner.availability.timeout.ms = 0\r\n\tpartitioner.class = null\r\n\tpartitioner.ignore.keys = false\r\n\treceive.buffer.bytes = 32768\r\n\treconnect.backoff.max.ms = 1000\r\n\treconnect.backoff.ms = 50\r\n\trequest.timeout.ms = 30000\r\n\tretries = 2147483647\r\n\tretry.backoff.max.ms = 1000\r\n\tretry.backoff.ms = 100\r\n\tsasl.client.callback.handler.class = null\r\n\tsasl.jaas.config = null\r\n\tsasl.kerberos.kinit.cmd = /usr/bin/kinit\r\n\tsasl.kerberos.min.time.before.relogin = 60000\r\n\tsasl.kerberos.service.name = null\r\n\tsasl.kerberos.ticket.renew.jitter = 0.05\r\n\tsasl.kerberos.ticket.renew.window.factor = 0.8\r\n\tsasl.login.callback.handler.class = null\r\n\tsasl.login.class = null\r\n\tsasl.login.connect.timeout.ms = null\r\n\tsasl.login.read.timeout.ms = null\r\n\tsasl.login.refresh.buffer.seconds = 300\r\n\tsasl.login.refresh.min.period.seconds = 60\r\n\tsasl.login.refresh.window.factor = 0.8\r\n\tsasl.login.refresh.window.jitter = 0.05\r\n\tsasl.login.retry.backoff.max.ms = 10000\r\n\tsasl.login.retry.backoff.ms = 100\r\n\tsasl.mechanism = GSSAPI\r\n\tsasl.oauthbearer.clock.skew.seconds = 30\r\n\tsasl.oauthbearer.expected.audience = null\r\n\tsasl.oauthbearer.expected.issuer = null\r\n\tsasl.oauthbearer.jwks.endpoint.refresh.ms = 3600000\r\n\tsasl.oauthbearer.jwks.endpoint.retry.backoff.max.ms = 10000\r\n\tsasl.oauthbearer.jwks.endpoint.retry.backoff.ms = 100\r\n\tsasl.oauthbearer.jwks.endpoint.url = null\r\n\tsasl.oauthbearer.scope.claim.name = scope\r\n\tsasl.oauthbearer.sub.claim.name = sub\r\n\tsasl.oauthbearer.token.endpoint.url = null\r\n\tsecurity.protocol = PLAINTEXT\r\n\tsecurity.providers = null\r\n\tsend.buffer.bytes = 131072\r\n\tsocket.connection.setup.timeout.max.ms = 30000\r\n\tsocket.connection.setup.timeout.ms = 10000\r\n\tssl.cipher.suites = null\r\n\tssl.enabled.protocols = [TLSv1.2, TLSv1.3]\r\n\tssl.endpoint.identification.algorithm = https\r\n\tssl.engine.factory.class = null\r\n\tssl.key.password = null\r\n\tssl.keymanager.algorithm = SunX509\r\n\tssl.keystore.certificate.chain = null\r\n\tssl.keystore.key = null\r\n\tssl.keystore.location = null\r\n\tssl.keystore.password = null\r\n\tssl.keystore.type = JKS\r\n\tssl.protocol = TLSv1.3\r\n\tssl.provider = null\r\n\tssl.secure.random.implementation = null\r\n\tssl.trustmanager.algorithm = PKIX\r\n\tssl.truststore.certificates = null\r\n\tssl.truststore.location = null\r\n\tssl.truststore.password = null\r\n\tssl.truststore.type = JKS\r\n\ttransaction.timeout.ms = 60000\r\n\ttransactional.id = null\r\n\tvalue.serializer = class org.apache.kafka.common.serialization.ByteArraySerializer\r\n","logger_name":"org.apache.kafka.clients.producer.ProducerConfig","thread_name":"org.springframework.kafka.KafkaListenerEndpointContainer#0-0-C-1","level":"INFO","level_value":20000}
{"@timestamp":"2025-08-09T15:05:57.4289541+05:30","@version":"1","message":"initializing Kafka metrics collector","logger_name":"org.apache.kafka.common.telemetry.internals.KafkaMetricsCollector","thread_name":"org.springframework.kafka.KafkaListenerEndpointContainer#0-0-C-1","level":"INFO","level_value":20000}
{"@timestamp":"2025-08-09T15:05:57.4304814+05:30","@version":"1","message":"[Producer clientId=producer-140] Instantiated an idempotent producer.","logger_name":"org.apache.kafka.clients.producer.KafkaProducer","thread_name":"org.springframework.kafka.KafkaListenerEndpointContainer#0-0-C-1","level":"INFO","level_value":20000}
{"@timestamp":"2025-08-09T15:05:57.4315148+05:30","@version":"1","message":"[Producer clientId=producer-140] Closing the Kafka producer with timeoutMillis = 0 ms.","logger_name":"org.apache.kafka.clients.producer.KafkaProducer","thread_name":"org.springframework.kafka.KafkaListenerEndpointContainer#0-0-C-1","level":"INFO","level_value":20000}
{"@timestamp":"2025-08-09T15:05:57.4325085+05:30","@version":"1","message":"Metrics scheduler closed","logger_name":"org.apache.kafka.common.metrics.Metrics","thread_name":"org.springframework.kafka.KafkaListenerEndpointContainer#0-0-C-1","level":"INFO","level_value":20000}
{"@timestamp":"2025-08-09T15:05:57.4325085+05:30","@version":"1","message":"Closing reporter org.apache.kafka.common.metrics.JmxReporter","logger_name":"org.apache.kafka.common.metrics.Metrics","thread_name":"org.springframework.kafka.KafkaListenerEndpointContainer#0-0-C-1","level":"INFO","level_value":20000}
{"@timestamp":"2025-08-09T15:05:57.4325085+05:30","@version":"1","message":"Closing reporter org.apache.kafka.common.telemetry.internals.ClientTelemetryReporter","logger_name":"org.apache.kafka.common.metrics.Metrics","thread_name":"org.springframework.kafka.KafkaListenerEndpointContainer#0-0-C-1","level":"INFO","level_value":20000}
{"@timestamp":"2025-08-09T15:05:57.4325085+05:30","@version":"1","message":"Metrics reporters closed","logger_name":"org.apache.kafka.common.metrics.Metrics","thread_name":"org.springframework.kafka.KafkaListenerEndpointContainer#0-0-C-1","level":"INFO","level_value":20000}
{"@timestamp":"2025-08-09T15:05:57.433511+05:30","@version":"1","message":"App info kafka.producer for producer-140 unregistered","logger_name":"org.apache.kafka.common.utils.AppInfoParser","thread_name":"org.springframework.kafka.KafkaListenerEndpointContainer#0-0-C-1","level":"INFO","level_value":20000}
{"@timestamp":"2025-08-09T15:05:57.433511+05:30","@version":"1","message":"[Consumer clientId=consumer-moviebooking-admin-1, groupId=moviebooking-admin] Bootstrap broker localhost:9092 (id: -1 rack: null) disconnected","logger_name":"org.apache.kafka.clients.NetworkClient","thread_name":"org.springframework.kafka.KafkaListenerEndpointContainer#0-0-C-1","level":"WARN","level_value":30000}
{"@timestamp":"2025-08-09T15:05:57.433511+05:30","@version":"1","message":"ProducerConfig values: \r\n\tacks = -1\r\n\tauto.include.jmx.reporter = true\r\n\tbatch.size = 16384\r\n\tbootstrap.servers = [spring.kafka.bootstrap-servers_IS_UNDEFINED]\r\n\tbuffer.memory = 33554432\r\n\tclient.dns.lookup = use_all_dns_ips\r\n\tclient.id = producer-141\r\n\tcompression.type = none\r\n\tconnections.max.idle.ms = 540000\r\n\tdelivery.timeout.ms = 120000\r\n\tenable.idempotence = true\r\n\tenable.metrics.push = true\r\n\tinterceptor.classes = []\r\n\tkey.serializer = class org.apache.kafka.common.serialization.ByteArraySerializer\r\n\tlinger.ms = 0\r\n\tmax.block.ms = 60000\r\n\tmax.in.flight.requests.per.connection = 5\r\n\tmax.request.size = 1048576\r\n\tmetadata.max.age.ms = 300000\r\n\tmetadata.max.idle.ms = 300000\r\n\tmetric.reporters = []\r\n\tmetrics.num.samples = 2\r\n\tmetrics.recording.level = INFO\r\n\tmetrics.sample.window.ms = 30000\r\n\tpartitioner.adaptive.partitioning.enable = true\r\n\tpartitioner.availability.timeout.ms = 0\r\n\tpartitioner.class = null\r\n\tpartitioner.ignore.keys = false\r\n\treceive.buffer.bytes = 32768\r\n\treconnect.backoff.max.ms = 1000\r\n\treconnect.backoff.ms = 50\r\n\trequest.timeout.ms = 30000\r\n\tretries = 2147483647\r\n\tretry.backoff.max.ms = 1000\r\n\tretry.backoff.ms = 100\r\n\tsasl.client.callback.handler.class = null\r\n\tsasl.jaas.config = null\r\n\tsasl.kerberos.kinit.cmd = /usr/bin/kinit\r\n\tsasl.kerberos.min.time.before.relogin = 60000\r\n\tsasl.kerberos.service.name = null\r\n\tsasl.kerberos.ticket.renew.jitter = 0.05\r\n\tsasl.kerberos.ticket.renew.window.factor = 0.8\r\n\tsasl.login.callback.handler.class = null\r\n\tsasl.login.class = null\r\n\tsasl.login.connect.timeout.ms = null\r\n\tsasl.login.read.timeout.ms = null\r\n\tsasl.login.refresh.buffer.seconds = 300\r\n\tsasl.login.refresh.min.period.seconds = 60\r\n\tsasl.login.refresh.window.factor = 0.8\r\n\tsasl.login.refresh.window.jitter = 0.05\r\n\tsasl.login.retry.backoff.max.ms = 10000\r\n\tsasl.login.retry.backoff.ms = 100\r\n\tsasl.mechanism = GSSAPI\r\n\tsasl.oauthbearer.clock.skew.seconds = 30\r\n\tsasl.oauthbearer.expected.audience = null\r\n\tsasl.oauthbearer.expected.issuer = null\r\n\tsasl.oauthbearer.jwks.endpoint.refresh.ms = 3600000\r\n\tsasl.oauthbearer.jwks.endpoint.retry.backoff.max.ms = 10000\r\n\tsasl.oauthbearer.jwks.endpoint.retry.backoff.ms = 100\r\n\tsasl.oauthbearer.jwks.endpoint.url = null\r\n\tsasl.oauthbearer.scope.claim.name = scope\r\n\tsasl.oauthbearer.sub.claim.name = sub\r\n\tsasl.oauthbearer.token.endpoint.url = null\r\n\tsecurity.protocol = PLAINTEXT\r\n\tsecurity.providers = null\r\n\tsend.buffer.bytes = 131072\r\n\tsocket.connection.setup.timeout.max.ms = 30000\r\n\tsocket.connection.setup.timeout.ms = 10000\r\n\tssl.cipher.suites = null\r\n\tssl.enabled.protocols = [TLSv1.2, TLSv1.3]\r\n\tssl.endpoint.identification.algorithm = https\r\n\tssl.engine.factory.class = null\r\n\tssl.key.password = null\r\n\tssl.keymanager.algorithm = SunX509\r\n\tssl.keystore.certificate.chain = null\r\n\tssl.keystore.key = null\r\n\tssl.keystore.location = null\r\n\tssl.keystore.password = null\r\n\tssl.keystore.type = JKS\r\n\tssl.protocol = TLSv1.3\r\n\tssl.provider = null\r\n\tssl.secure.random.implementation = null\r\n\tssl.trustmanager.algorithm = PKIX\r\n\tssl.truststore.certificates = null\r\n\tssl.truststore.location = null\r\n\tssl.truststore.password = null\r\n\tssl.truststore.type = JKS\r\n\ttransaction.timeout.ms = 60000\r\n\ttransactional.id = null\r\n\tvalue.serializer = class org.apache.kafka.common.serialization.ByteArraySerializer\r\n","logger_name":"org.apache.kafka.clients.producer.ProducerConfig","thread_name":"org.springframework.kafka.KafkaListenerEndpointContainer#0-0-C-1","level":"INFO","level_value":20000}
{"@timestamp":"2025-08-09T15:05:57.4345093+05:30","@version":"1","message":"initializing Kafka metrics collector","logger_name":"org.apache.kafka.common.telemetry.internals.KafkaMetricsCollector","thread_name":"org.springframework.kafka.KafkaListenerEndpointContainer#0-0-C-1","level":"INFO","level_value":20000}
{"@timestamp":"2025-08-09T15:05:57.4355095+05:30","@version":"1","message":"[Producer clientId=producer-141] Instantiated an idempotent producer.","logger_name":"org.apache.kafka.clients.producer.KafkaProducer","thread_name":"org.springframework.kafka.KafkaListenerEndpointContainer#0-0-C-1","level":"INFO","level_value":20000}
{"@timestamp":"2025-08-09T15:05:57.4365064+05:30","@version":"1","message":"[Producer clientId=producer-141] Closing the Kafka producer with timeoutMillis = 0 ms.","logger_name":"org.apache.kafka.clients.producer.KafkaProducer","thread_name":"org.springframework.kafka.KafkaListenerEndpointContainer#0-0-C-1","level":"INFO","level_value":20000}
{"@timestamp":"2025-08-09T15:05:57.4375034+05:30","@version":"1","message":"Metrics scheduler closed","logger_name":"org.apache.kafka.common.metrics.Metrics","thread_name":"org.springframework.kafka.KafkaListenerEndpointContainer#0-0-C-1","level":"INFO","level_value":20000}
{"@timestamp":"2025-08-09T15:05:57.4375034+05:30","@version":"1","message":"Closing reporter org.apache.kafka.common.metrics.JmxReporter","logger_name":"org.apache.kafka.common.metrics.Metrics","thread_name":"org.springframework.kafka.KafkaListenerEndpointContainer#0-0-C-1","level":"INFO","level_value":20000}
{"@timestamp":"2025-08-09T15:05:57.4375034+05:30","@version":"1","message":"Closing reporter org.apache.kafka.common.telemetry.internals.ClientTelemetryReporter","logger_name":"org.apache.kafka.common.metrics.Metrics","thread_name":"org.springframework.kafka.KafkaListenerEndpointContainer#0-0-C-1","level":"INFO","level_value":20000}
{"@timestamp":"2025-08-09T15:05:57.4375034+05:30","@version":"1","message":"Metrics reporters closed","logger_name":"org.apache.kafka.common.metrics.Metrics","thread_name":"org.springframework.kafka.KafkaListenerEndpointContainer#0-0-C-1","level":"INFO","level_value":20000}
{"@timestamp":"2025-08-09T15:05:57.4375034+05:30","@version":"1","message":"App info kafka.producer for producer-141 unregistered","logger_name":"org.apache.kafka.common.utils.AppInfoParser","thread_name":"org.springframework.kafka.KafkaListenerEndpointContainer#0-0-C-1","level":"INFO","level_value":20000}
]]></system-out>
    <system-err><![CDATA[Aug 09, 2025 3:04:38 PM org.junit.platform.launcher.core.LauncherConfigurationParameters loadClasspathResource
WARNING: Discovered 2 'junit-platform.properties' configuration files in the classpath; only the first will be used.
Aug 09, 2025 3:04:38 PM org.junit.platform.launcher.core.LauncherConfigurationParameters loadClasspathResource
WARNING: Discovered 2 'junit-platform.properties' configuration files in the classpath; only the first will be used.
Aug 09, 2025 3:04:40 PM org.junit.platform.launcher.core.LauncherConfigurationParameters loadClasspathResource
WARNING: Discovered 2 'junit-platform.properties' configuration files in the classpath; only the first will be used.
WARNING: A Java agent has been loaded dynamically (C:\Users\2263222\.m2\repository\net\bytebuddy\byte-buddy-agent\1.14.18\byte-buddy-agent-1.14.18.jar)
WARNING: If a serviceability tool is in use, please run with -XX:+EnableDynamicAgentLoading to hide this warning
WARNING: If a serviceability tool is not in use, please run with -Djdk.instrument.traceUsage for more information
WARNING: Dynamic loading of agents will be disallowed by default in a future release
]]></system-err>
  </testcase>
</testsuite>