<?xml version="1.0" encoding="UTF-8"?>
<testsuite xmlns:xsi="http://www.w3.org/2001/XMLSchema-instance" xsi:noNamespaceSchemaLocation="https://maven.apache.org/surefire/maven-surefire-plugin/xsd/surefire-test-report-3.0.xsd" version="3.0" name="com.moviebookingapp.controller.MovieControllerTest" time="0.413" tests="7" errors="0" skipped="0" failures="0">
  <properties>
[...]
</properties>
  <testcase name="updateTickets_Success" classname="com.moviebookingapp.controller.MovieControllerTest" time="0.017">
    <system-out><![CDATA[{"@timestamp":"2025-08-12T23:02:28.1949341+05:30","@version":"1","message":"Could not detect default configuration classes for test class [com.moviebookingapp.controller.MovieControllerTest]: MovieControllerTest does not declare any static, non-private, non-final, nested classes annotated with @Configuration.","logger_name":"org.springframework.test.context.support.AnnotationConfigContextLoaderUtils","thread_name":"main","level":"INFO","level_value":20000}
{"@timestamp":"2025-08-12T23:02:28.2044467+05:30","@version":"1","message":"Found @SpringBootConfiguration com.moviebookingapp.MovieBookingApplication for test class com.moviebookingapp.controller.MovieControllerTest","logger_name":"org.springframework.boot.test.context.SpringBootTestContextBootstrapper","thread_name":"main","level":"INFO","level_value":20000}

  .   ____          _            __ _ _
 /\\ / ___'_ __ _ _(_)_ __  __ _ \ \ \ \
( ( )\___ | '_ | '_| | '_ \/ _` | \ \ \ \
 \\/  ___)| |_)| | | | | || (_| |  ) ) ) )
  '  |____| .__|_| |_|_| |_\__, | / / / /
 =========|_|==============|___/=/_/_/_/
 :: Spring Boot ::                (v3.1.2)

{"@timestamp":"2025-08-12T23:02:28.237193+05:30","@version":"1","message":"Starting MovieControllerTest using Java 17.0.12 with PID 25400 (started by prafu in C:\\Users\\prafu\\movie-theator)","logger_name":"com.moviebookingapp.controller.MovieControllerTest","thread_name":"main","level":"INFO","level_value":20000}
{"@timestamp":"2025-08-12T23:02:28.2387661+05:30","@version":"1","message":"Running with Spring Boot v3.1.2, Spring v6.0.11","logger_name":"com.moviebookingapp.controller.MovieControllerTest","thread_name":"main","level":"DEBUG","level_value":10000}
{"@timestamp":"2025-08-12T23:02:28.2407732+05:30","@version":"1","message":"No active profile set, falling back to 1 default profile: \"default\"","logger_name":"com.moviebookingapp.controller.MovieControllerTest","thread_name":"main","level":"INFO","level_value":20000}
{"@timestamp":"2025-08-12T23:02:28.4916513+05:30","@version":"1","message":"Initializing Spring TestDispatcherServlet ''","logger_name":"org.springframework.boot.test.mock.web.SpringBootMockServletContext","thread_name":"main","level":"INFO","level_value":20000}
{"@timestamp":"2025-08-12T23:02:28.4936517+05:30","@version":"1","message":"Initializing Servlet ''","logger_name":"org.springframework.test.web.servlet.TestDispatcherServlet","thread_name":"main","level":"INFO","level_value":20000}
{"@timestamp":"2025-08-12T23:02:28.4966505+05:30","@version":"1","message":"Completed initialization in 0 ms","logger_name":"org.springframework.test.web.servlet.TestDispatcherServlet","thread_name":"main","level":"INFO","level_value":20000}
{"@timestamp":"2025-08-12T23:02:28.5042506+05:30","@version":"1","message":"Started MovieControllerTest in 0.294 seconds (process running for 10.794)","logger_name":"com.moviebookingapp.controller.MovieControllerTest","thread_name":"main","level":"INFO","level_value":20000}
]]></system-out>
  </testcase>
  <testcase name="deleteMovie_ServiceException" classname="com.moviebookingapp.controller.MovieControllerTest" time="0.017">
    <system-out><![CDATA[{"@timestamp":"2025-08-12T23:02:28.5350082+05:30","@version":"1","message":"Using deprecated '-debug' fallback for parameter name resolution. Compile the affected code with '-parameters' instead or avoid its introspection: com.moviebookingapp.controller.MovieController","logger_name":"org.springframework.core.LocalVariableTableParameterNameDiscoverer","thread_name":"main","level":"WARN","level_value":30000}
]]></system-out>
  </testcase>
  <testcase name="deleteMovie_Success" classname="com.moviebookingapp.controller.MovieControllerTest" time="0.024"/>
  <testcase name="searchMovies_Success" classname="com.moviebookingapp.controller.MovieControllerTest" time="0.012"/>
  <testcase name="searchMovies_EmptyResult" classname="com.moviebookingapp.controller.MovieControllerTest" time="0.006"/>
  <testcase name="updateTickets_ServiceException" classname="com.moviebookingapp.controller.MovieControllerTest" time="0.007"/>
  <testcase name="getAllMovies_Success" classname="com.moviebookingapp.controller.MovieControllerTest" time="0.005"/>
</testsuite>